{"/home/travis/build/npmtest/node-npmtest-edge/test.js":{"path":"/home/travis/build/npmtest/node-npmtest-edge/test.js","s":{"1":2,"2":2,"3":2,"4":2,"5":2,"6":2,"7":2,"8":1,"9":2,"10":2,"11":1,"12":1,"13":1,"14":1,"15":2,"16":2,"17":2,"18":2,"19":1,"20":1,"21":2,"22":2,"23":2,"24":1,"25":1,"26":1,"27":1,"28":1,"29":1,"30":1,"31":1,"32":1,"33":1,"34":1,"35":1,"36":1,"37":2,"38":2,"39":1,"40":2,"41":2,"42":1,"43":2,"44":2,"45":1,"46":2,"47":2,"48":1,"49":1,"50":1,"51":1,"52":1},"b":{"1":[2,1,1,1],"2":[1,1,1,1],"3":[1,1],"4":[1,1],"5":[1,1],"6":[1,1],"7":[1,1],"8":[1,1],"9":[1,1,1],"10":[1,1],"11":[1,1],"12":[1,1],"13":[1,1],"14":[1,1],"15":[1,1],"16":[1,1]},"f":{"1":2,"2":2,"3":2,"4":2,"5":2,"6":1,"7":1,"8":2,"9":2,"10":2,"11":2,"12":1},"fnMap":{"1":{"name":"(anonymous_1)","line":12,"loc":{"start":{"line":12,"column":1},"end":{"line":12,"column":13}}},"2":{"name":"(anonymous_2)","line":19,"loc":{"start":{"line":19,"column":5},"end":{"line":19,"column":17}}},"3":{"name":"(anonymous_3)","line":23,"loc":{"start":{"line":23,"column":24},"end":{"line":23,"column":36}}},"4":{"name":"(anonymous_4)","line":61,"loc":{"start":{"line":61,"column":5},"end":{"line":61,"column":17}}},"5":{"name":"(anonymous_5)","line":82,"loc":{"start":{"line":82,"column":5},"end":{"line":82,"column":17}}},"6":{"name":"(anonymous_6)","line":102,"loc":{"start":{"line":102,"column":83},"end":{"line":105,"column":10}},"skip":true},"7":{"name":"(anonymous_7)","line":113,"loc":{"start":{"line":113,"column":77},"end":{"line":116,"column":10}},"skip":true},"8":{"name":"(anonymous_8)","line":129,"loc":{"start":{"line":129,"column":12},"end":{"line":129,"column":40}},"skip":true},"9":{"name":"(anonymous_9)","line":137,"loc":{"start":{"line":137,"column":77},"end":{"line":140,"column":10}},"skip":true},"10":{"name":"(anonymous_10)","line":148,"loc":{"start":{"line":148,"column":83},"end":{"line":151,"column":10}},"skip":true},"11":{"name":"(anonymous_11)","line":159,"loc":{"start":{"line":159,"column":79},"end":{"line":162,"column":10}},"skip":true},"12":{"name":"(anonymous_12)","line":170,"loc":{"start":{"line":170,"column":75},"end":{"line":173,"column":10}},"skip":true}},"statementMap":{"1":{"start":{"line":12,"column":0},"end":{"line":185,"column":5}},"2":{"start":{"line":14,"column":4},"end":{"line":14,"column":14}},"3":{"start":{"line":19,"column":4},"end":{"line":56,"column":9}},"4":{"start":{"line":21,"column":8},"end":{"line":21,"column":19}},"5":{"start":{"line":23,"column":8},"end":{"line":35,"column":13}},"6":{"start":{"line":24,"column":12},"end":{"line":34,"column":13}},"7":{"start":{"line":25,"column":16},"end":{"line":28,"column":30}},"8":{"start":{"line":30,"column":16},"end":{"line":33,"column":27}},"9":{"start":{"line":37,"column":8},"end":{"line":39,"column":21}},"10":{"start":{"line":40,"column":8},"end":{"line":53,"column":9}},"11":{"start":{"line":43,"column":12},"end":{"line":46,"column":14}},"12":{"start":{"line":47,"column":12},"end":{"line":47,"column":18}},"13":{"start":{"line":50,"column":12},"end":{"line":51,"column":46}},"14":{"start":{"line":52,"column":12},"end":{"line":52,"column":18}},"15":{"start":{"line":55,"column":8},"end":{"line":55,"column":35}},"16":{"start":{"line":61,"column":4},"end":{"line":63,"column":9}},"17":{"start":{"line":62,"column":8},"end":{"line":62,"column":15}},"18":{"start":{"line":64,"column":4},"end":{"line":77,"column":5}},"19":{"start":{"line":70,"column":8},"end":{"line":70,"column":14}},"20":{"start":{"line":76,"column":8},"end":{"line":76,"column":14}},"21":{"start":{"line":82,"column":4},"end":{"line":84,"column":9}},"22":{"start":{"line":83,"column":8},"end":{"line":83,"column":15}},"23":{"start":{"line":85,"column":4},"end":{"line":184,"column":5}},"24":{"start":{"line":92,"column":8},"end":{"line":94,"column":63}},"25":{"start":{"line":95,"column":8},"end":{"line":95,"column":14}},"26":{"start":{"line":102,"column":8},"end":{"line":111,"column":10},"skip":true},"27":{"start":{"line":109,"column":12},"end":{"line":109,"column":55},"skip":true},"28":{"start":{"line":110,"column":12},"end":{"line":110,"column":48},"skip":true},"29":{"start":{"line":113,"column":8},"end":{"line":126,"column":10},"skip":true},"30":{"start":{"line":120,"column":12},"end":{"line":120,"column":76},"skip":true},"31":{"start":{"line":121,"column":12},"end":{"line":121,"column":73},"skip":true},"32":{"start":{"line":122,"column":12},"end":{"line":122,"column":74},"skip":true},"33":{"start":{"line":123,"column":12},"end":{"line":123,"column":79},"skip":true},"34":{"start":{"line":124,"column":12},"end":{"line":124,"column":25},"skip":true},"35":{"start":{"line":125,"column":12},"end":{"line":125,"column":45},"skip":true},"36":{"start":{"line":128,"column":8},"end":{"line":135,"column":14},"skip":true},"37":{"start":{"line":133,"column":16},"end":{"line":133,"column":29},"skip":true},"38":{"start":{"line":134,"column":16},"end":{"line":134,"column":55},"skip":true},"39":{"start":{"line":137,"column":8},"end":{"line":146,"column":10},"skip":true},"40":{"start":{"line":144,"column":12},"end":{"line":144,"column":25},"skip":true},"41":{"start":{"line":145,"column":12},"end":{"line":145,"column":45},"skip":true},"42":{"start":{"line":148,"column":8},"end":{"line":157,"column":10},"skip":true},"43":{"start":{"line":155,"column":12},"end":{"line":155,"column":25},"skip":true},"44":{"start":{"line":156,"column":12},"end":{"line":156,"column":48},"skip":true},"45":{"start":{"line":159,"column":8},"end":{"line":168,"column":10},"skip":true},"46":{"start":{"line":166,"column":12},"end":{"line":166,"column":25},"skip":true},"47":{"start":{"line":167,"column":12},"end":{"line":167,"column":46},"skip":true},"48":{"start":{"line":170,"column":8},"end":{"line":179,"column":10},"skip":true},"49":{"start":{"line":177,"column":12},"end":{"line":177,"column":94},"skip":true},"50":{"start":{"line":178,"column":12},"end":{"line":178,"column":48},"skip":true},"51":{"start":{"line":182,"column":8},"end":{"line":182,"column":35},"skip":true},"52":{"start":{"line":183,"column":8},"end":{"line":183,"column":14},"skip":true}},"branchMap":{"1":{"line":25,"type":"binary-expr","locations":[{"start":{"line":25,"column":23},"end":{"line":25,"column":62}},{"start":{"line":26,"column":20},"end":{"line":26,"column":70}},{"start":{"line":27,"column":20},"end":{"line":27,"column":71}},{"start":{"line":28,"column":20},"end":{"line":28,"column":29}}]},"2":{"line":30,"type":"binary-expr","locations":[{"start":{"line":30,"column":23},"end":{"line":30,"column":37}},{"start":{"line":31,"column":20},"end":{"line":31,"column":61}},{"start":{"line":32,"column":20},"end":{"line":32,"column":70}},{"start":{"line":33,"column":20},"end":{"line":33,"column":26}}]},"3":{"line":37,"type":"cond-expr","locations":[{"start":{"line":38,"column":14},"end":{"line":38,"column":20}},{"start":{"line":39,"column":14},"end":{"line":39,"column":20}}]},"4":{"line":40,"type":"switch","locations":[{"start":{"line":42,"column":8},"end":{"line":47,"column":18}},{"start":{"line":49,"column":8},"end":{"line":52,"column":18}}]},"5":{"line":44,"type":"binary-expr","locations":[{"start":{"line":44,"column":16},"end":{"line":44,"column":44}},{"start":{"line":44,"column":48},"end":{"line":44,"column":66}}]},"6":{"line":50,"type":"binary-expr","locations":[{"start":{"line":50,"column":21},"end":{"line":50,"column":49}},{"start":{"line":50,"column":53},"end":{"line":50,"column":72}}]},"7":{"line":64,"type":"switch","locations":[{"start":{"line":69,"column":4},"end":{"line":70,"column":14}},{"start":{"line":75,"column":4},"end":{"line":76,"column":14}}]},"8":{"line":85,"type":"switch","locations":[{"start":{"line":90,"column":4},"end":{"line":95,"column":14}},{"start":{"line":101,"column":4},"end":{"line":183,"column":14},"skip":true}]},"9":{"line":92,"type":"binary-expr","locations":[{"start":{"line":92,"column":18},"end":{"line":92,"column":32}},{"start":{"line":93,"column":12},"end":{"line":93,"column":53}},{"start":{"line":94,"column":12},"end":{"line":94,"column":61}}]},"10":{"line":102,"type":"binary-expr","locations":[{"start":{"line":102,"column":45},"end":{"line":102,"column":79},"skip":true},{"start":{"line":102,"column":83},"end":{"line":111,"column":9},"skip":true}]},"11":{"line":113,"type":"binary-expr","locations":[{"start":{"line":113,"column":42},"end":{"line":113,"column":73},"skip":true},{"start":{"line":113,"column":77},"end":{"line":126,"column":9},"skip":true}]},"12":{"line":128,"type":"binary-expr","locations":[{"start":{"line":128,"column":48},"end":{"line":128,"column":85},"skip":true},{"start":{"line":129,"column":12},"end":{"line":135,"column":13},"skip":true}]},"13":{"line":137,"type":"binary-expr","locations":[{"start":{"line":137,"column":42},"end":{"line":137,"column":73},"skip":true},{"start":{"line":137,"column":77},"end":{"line":146,"column":9},"skip":true}]},"14":{"line":148,"type":"binary-expr","locations":[{"start":{"line":148,"column":45},"end":{"line":148,"column":79},"skip":true},{"start":{"line":148,"column":83},"end":{"line":157,"column":9},"skip":true}]},"15":{"line":159,"type":"binary-expr","locations":[{"start":{"line":159,"column":43},"end":{"line":159,"column":75},"skip":true},{"start":{"line":159,"column":79},"end":{"line":168,"column":9},"skip":true}]},"16":{"line":170,"type":"binary-expr","locations":[{"start":{"line":170,"column":41},"end":{"line":170,"column":71},"skip":true},{"start":{"line":170,"column":75},"end":{"line":179,"column":9},"skip":true}]}},"code":["/* istanbul instrument in package npmtest_edge */","/*jslint","    bitwise: true,","    browser: true,","    maxerr: 8,","    maxlen: 96,","    node: true,","    nomen: true,","    regexp: true,","    stupid: true","*/","(function () {","    'use strict';","    var local;","","","","    // run shared js-env code - pre-init","    (function () {","        // init local","        local = {};","        // init modeJs","        local.modeJs = (function () {","            try {","                return typeof navigator.userAgent === 'string' &&","                    typeof document.querySelector('body') === 'object' &&","                    typeof XMLHttpRequest.prototype.open === 'function' &&","                    'browser';","            } catch (errorCaughtBrowser) {","                return module.exports &&","                    typeof process.versions.node === 'string' &&","                    typeof require('http').createServer === 'function' &&","                    'node';","            }","        }());","        // init global","        local.global = local.modeJs === 'browser'","            ? window","            : global;","        switch (local.modeJs) {","        // re-init local from window.local","        case 'browser':","            local = local.global.utility2.objectSetDefault(","                local.global.utility2_rollup || local.global.local,","                local.global.utility2","            );","            break;","        // re-init local from example.js","        case 'node':","            local = (local.global.utility2_rollup || require('utility2'))","                .requireExampleJsFromReadme();","            break;","        }","        // export local","        local.global.local = local;","    }());","","","","    // run shared js-env code - function","    (function () {","        return;","    }());","    switch (local.modeJs) {","","","","    // run browser js-env code - function","    case 'browser':","        break;","","","","    // run node js-env code - function","    case 'node':","        break;","    }","","","","    // run shared js-env code - post-init","    (function () {","        return;","    }());","    switch (local.modeJs) {","","","","    // run browser js-env code - post-init","    case 'browser':","        // run tests","        local.nop(local.modeTest &&","            document.querySelector('#testRunButton1') &&","            document.querySelector('#testRunButton1').click());","        break;","","","","    // run node js-env code - post-init","    /* istanbul ignore next */","    case 'node':","        local.testCase_buildApidoc_default = local.testCase_buildApidoc_default || function (","            options,","            onError","        ) {","        /*","         * this function will test buildApidoc's default handling-behavior-behavior","         */","            options = { modulePathList: module.paths };","            local.buildApidoc(options, onError);","        };","","        local.testCase_buildApp_default = local.testCase_buildApp_default || function (","            options,","            onError","        ) {","        /*","         * this function will test buildApp's default handling-behavior-behavior","         */","            local.testCase_buildReadme_default(options, local.onErrorThrow);","            local.testCase_buildLib_default(options, local.onErrorThrow);","            local.testCase_buildTest_default(options, local.onErrorThrow);","            local.testCase_buildCustomOrg_default(options, local.onErrorThrow);","            options = [];","            local.buildApp(options, onError);","        };","","        local.testCase_buildCustomOrg_default = local.testCase_buildCustomOrg_default ||","            function (options, onError) {","            /*","             * this function will test buildCustomOrg's default handling-behavior","             */","                options = {};","                local.buildCustomOrg(options, onError);","            };","","        local.testCase_buildLib_default = local.testCase_buildLib_default || function (","            options,","            onError","        ) {","        /*","         * this function will test buildLib's default handling-behavior","         */","            options = {};","            local.buildLib(options, onError);","        };","","        local.testCase_buildReadme_default = local.testCase_buildReadme_default || function (","            options,","            onError","        ) {","        /*","         * this function will test buildReadme's default handling-behavior-behavior","         */","            options = {};","            local.buildReadme(options, onError);","        };","","        local.testCase_buildTest_default = local.testCase_buildTest_default || function (","            options,","            onError","        ) {","        /*","         * this function will test buildTest's default handling-behavior","         */","            options = {};","            local.buildTest(options, onError);","        };","","        local.testCase_webpage_default = local.testCase_webpage_default || function (","            options,","            onError","        ) {","        /*","         * this function will test webpage's default handling-behavior","         */","            options = { modeCoverageMerge: true, url: local.serverLocalHost + '?modeTest=1' };","            local.browserTest(options, onError);","        };","","        // run test-server","        local.testRunServer(local);","        break;","    }","}());",""],"l":{"12":2,"14":2,"19":2,"21":2,"23":2,"24":2,"25":2,"30":1,"37":2,"40":2,"43":1,"47":1,"50":1,"52":1,"55":2,"61":2,"62":2,"64":2,"70":1,"76":1,"82":2,"83":2,"85":2,"92":1,"95":1,"102":1,"109":1,"110":1,"113":1,"120":1,"121":1,"122":1,"123":1,"124":1,"125":1,"128":1,"133":2,"134":2,"137":1,"144":2,"145":2,"148":1,"155":2,"156":2,"159":1,"166":2,"167":2,"170":1,"177":1,"178":1,"182":1,"183":1}},"/home/travis/build/npmtest/node-npmtest-edge/lib.npmtest_edge.js":{"path":"/home/travis/build/npmtest/node-npmtest-edge/lib.npmtest_edge.js","s":{"1":2,"2":2,"3":2,"4":2,"5":2,"6":2,"7":2,"8":1,"9":2,"10":2,"11":2,"12":2,"13":1,"14":1,"15":1,"16":1},"b":{"1":[2,1,1,1],"2":[1,1,1,1],"3":[1,1],"4":[2,2],"5":[1,1]},"f":{"1":2,"2":2,"3":2},"fnMap":{"1":{"name":"(anonymous_1)","line":12,"loc":{"start":{"line":12,"column":1},"end":{"line":12,"column":13}}},"2":{"name":"(anonymous_2)","line":19,"loc":{"start":{"line":19,"column":5},"end":{"line":19,"column":17}}},"3":{"name":"(anonymous_3)","line":23,"loc":{"start":{"line":23,"column":24},"end":{"line":23,"column":36}}}},"statementMap":{"1":{"start":{"line":12,"column":0},"end":{"line":53,"column":5}},"2":{"start":{"line":14,"column":4},"end":{"line":14,"column":14}},"3":{"start":{"line":19,"column":4},"end":{"line":52,"column":9}},"4":{"start":{"line":21,"column":8},"end":{"line":21,"column":19}},"5":{"start":{"line":23,"column":8},"end":{"line":35,"column":13}},"6":{"start":{"line":24,"column":12},"end":{"line":34,"column":13}},"7":{"start":{"line":25,"column":16},"end":{"line":28,"column":30}},"8":{"start":{"line":30,"column":16},"end":{"line":33,"column":27}},"9":{"start":{"line":37,"column":8},"end":{"line":39,"column":21}},"10":{"start":{"line":41,"column":8},"end":{"line":41,"column":54}},"11":{"start":{"line":43,"column":8},"end":{"line":43,"column":49}},"12":{"start":{"line":45,"column":8},"end":{"line":51,"column":9}},"13":{"start":{"line":46,"column":12},"end":{"line":46,"column":55}},"14":{"start":{"line":48,"column":12},"end":{"line":48,"column":35}},"15":{"start":{"line":49,"column":12},"end":{"line":49,"column":49}},"16":{"start":{"line":50,"column":12},"end":{"line":50,"column":43}}},"branchMap":{"1":{"line":25,"type":"binary-expr","locations":[{"start":{"line":25,"column":23},"end":{"line":25,"column":62}},{"start":{"line":26,"column":20},"end":{"line":26,"column":70}},{"start":{"line":27,"column":20},"end":{"line":27,"column":71}},{"start":{"line":28,"column":20},"end":{"line":28,"column":29}}]},"2":{"line":30,"type":"binary-expr","locations":[{"start":{"line":30,"column":23},"end":{"line":30,"column":37}},{"start":{"line":31,"column":20},"end":{"line":31,"column":61}},{"start":{"line":32,"column":20},"end":{"line":32,"column":70}},{"start":{"line":33,"column":20},"end":{"line":33,"column":26}}]},"3":{"line":37,"type":"cond-expr","locations":[{"start":{"line":38,"column":14},"end":{"line":38,"column":20}},{"start":{"line":39,"column":14},"end":{"line":39,"column":20}}]},"4":{"line":41,"type":"binary-expr","locations":[{"start":{"line":41,"column":16},"end":{"line":41,"column":44}},{"start":{"line":41,"column":48},"end":{"line":41,"column":53}}]},"5":{"line":45,"type":"if","locations":[{"start":{"line":45,"column":8},"end":{"line":45,"column":8}},{"start":{"line":45,"column":8},"end":{"line":45,"column":8}}]}},"code":["/* istanbul instrument in package npmtest_edge */","/*jslint","    bitwise: true,","    browser: true,","    maxerr: 8,","    maxlen: 96,","    node: true,","    nomen: true,","    regexp: true,","    stupid: true","*/","(function () {","    'use strict';","    var local;","","","","    // run shared js-env code - pre-init","    (function () {","        // init local","        local = {};","        // init modeJs","        local.modeJs = (function () {","            try {","                return typeof navigator.userAgent === 'string' &&","                    typeof document.querySelector('body') === 'object' &&","                    typeof XMLHttpRequest.prototype.open === 'function' &&","                    'browser';","            } catch (errorCaughtBrowser) {","                return module.exports &&","                    typeof process.versions.node === 'string' &&","                    typeof require('http').createServer === 'function' &&","                    'node';","            }","        }());","        // init global","        local.global = local.modeJs === 'browser'","            ? window","            : global;","        // init utility2_rollup","        local = local.global.utility2_rollup || local;","        // init lib","        local.local = local.npmtest_edge = local;","        // init exports","        if (local.modeJs === 'browser') {","            local.global.utility2_npmtest_edge = local;","        } else {","            module.exports = local;","            module.exports.__dirname = __dirname;","            module.exports.module = module;","        }","    }());","}());",""],"l":{"12":2,"14":2,"19":2,"21":2,"23":2,"24":2,"25":2,"30":1,"37":2,"41":2,"43":2,"45":2,"46":1,"48":1,"49":1,"50":1}},"/home/travis/build/npmtest/node-npmtest-edge/example.js":{"path":"/home/travis/build/npmtest/node-npmtest-edge/example.js","s":{"1":2,"2":2,"3":2,"4":2,"5":2,"6":2,"7":2,"8":1,"9":2,"10":2,"11":2,"12":2,"13":1,"14":2,"15":2,"16":2,"17":2,"18":2,"19":0,"20":2,"21":1,"22":1,"23":1,"24":1,"25":1,"26":0,"27":0,"28":1,"29":1,"30":2,"31":0,"32":0,"33":0,"34":1,"35":2,"36":2,"37":2,"38":2,"39":2,"40":2,"41":0,"42":2,"43":2,"44":2,"45":1,"46":3,"47":1,"48":1,"49":1,"50":1,"51":1,"52":1,"53":1,"54":1,"55":1,"56":1,"57":0,"58":1,"59":6,"60":6,"61":1,"62":2,"63":0,"64":2,"65":1,"66":1,"67":0,"68":0,"69":0,"70":0,"71":0,"72":0,"73":0,"74":0,"75":0,"76":0,"77":0,"78":0,"79":0,"80":0,"81":0,"82":0,"83":0},"b":{"1":[2,1,1,1],"2":[1,1,1,1],"3":[1,1],"4":[2,2],"5":[1,1],"6":[1,1],"7":[2,0],"8":[2,1,1,1,1,1],"9":[0,2,0],"10":[1,1],"11":[2,1,1],"12":[1,0],"13":[0,2],"14":[2,0,0,0,0,0,0],"15":[0,2],"16":[2,0],"17":[1,1],"18":[0,1],"19":[1,2,0,2],"20":[1,0],"21":[1,1],"22":[0,0],"23":[0,0],"24":[0,0],"25":[0,0],"26":[0,0],"27":[0,0],"28":[0,0]},"f":{"1":2,"2":2,"3":2,"4":2,"5":2,"6":2,"7":2,"8":2,"9":3,"10":1,"11":6,"12":0},"fnMap":{"1":{"name":"(anonymous_1)","line":26,"loc":{"start":{"line":26,"column":1},"end":{"line":26,"column":13}}},"2":{"name":"(anonymous_2)","line":33,"loc":{"start":{"line":33,"column":5},"end":{"line":33,"column":17}}},"3":{"name":"(anonymous_3)","line":37,"loc":{"start":{"line":37,"column":24},"end":{"line":37,"column":36}}},"4":{"name":"(anonymous_4)","line":69,"loc":{"start":{"line":69,"column":31},"end":{"line":69,"column":48}},"skip":true},"5":{"name":"(anonymous_5)","line":78,"loc":{"start":{"line":78,"column":26},"end":{"line":78,"column":45}},"skip":true},"6":{"name":"(anonymous_6)","line":123,"loc":{"start":{"line":123,"column":33},"end":{"line":123,"column":48}},"skip":true},"7":{"name":"(anonymous_7)","line":125,"loc":{"start":{"line":125,"column":27},"end":{"line":125,"column":39}},"skip":true},"8":{"name":"(anonymous_8)","line":133,"loc":{"start":{"line":133,"column":59},"end":{"line":133,"column":74}},"skip":true},"9":{"name":"(anonymous_9)","line":143,"loc":{"start":{"line":143,"column":45},"end":{"line":143,"column":62}},"skip":true},"10":{"name":"(anonymous_10)","line":144,"loc":{"start":{"line":144,"column":73},"end":{"line":144,"column":92}},"skip":true},"11":{"name":"(anonymous_11)","line":272,"loc":{"start":{"line":272,"column":51},"end":{"line":272,"column":77}},"skip":true},"12":{"name":"(anonymous_12)","line":314,"loc":{"start":{"line":314,"column":32},"end":{"line":314,"column":61}},"skip":true}},"statementMap":{"1":{"start":{"line":26,"column":0},"end":{"line":325,"column":5}},"2":{"start":{"line":28,"column":4},"end":{"line":28,"column":14}},"3":{"start":{"line":33,"column":4},"end":{"line":60,"column":9}},"4":{"start":{"line":35,"column":8},"end":{"line":35,"column":19}},"5":{"start":{"line":37,"column":8},"end":{"line":49,"column":13}},"6":{"start":{"line":38,"column":12},"end":{"line":48,"column":13}},"7":{"start":{"line":39,"column":16},"end":{"line":42,"column":30}},"8":{"start":{"line":44,"column":16},"end":{"line":47,"column":27}},"9":{"start":{"line":51,"column":8},"end":{"line":53,"column":21}},"10":{"start":{"line":55,"column":8},"end":{"line":57,"column":45}},"11":{"start":{"line":59,"column":8},"end":{"line":59,"column":35}},"12":{"start":{"line":61,"column":4},"end":{"line":324,"column":5}},"13":{"start":{"line":69,"column":8},"end":{"line":121,"column":10},"skip":true},"14":{"start":{"line":70,"column":12},"end":{"line":88,"column":13},"skip":true},"15":{"start":{"line":76,"column":16},"end":{"line":87,"column":19},"skip":true},"16":{"start":{"line":79,"column":20},"end":{"line":86,"column":21},"skip":true},"17":{"start":{"line":82,"column":24},"end":{"line":82,"column":43},"skip":true},"18":{"start":{"line":83,"column":24},"end":{"line":83,"column":30},"skip":true},"19":{"start":{"line":85,"column":24},"end":{"line":85,"column":49},"skip":true},"20":{"start":{"line":89,"column":12},"end":{"line":107,"column":13},"skip":true},"21":{"start":{"line":92,"column":16},"end":{"line":102,"column":17},"skip":true},"22":{"start":{"line":93,"column":20},"end":{"line":93,"column":86},"skip":true},"23":{"start":{"line":94,"column":20},"end":{"line":95,"column":45},"skip":true},"24":{"start":{"line":96,"column":20},"end":{"line":96,"column":42},"skip":true},"25":{"start":{"line":97,"column":20},"end":{"line":97,"column":48},"skip":true},"26":{"start":{"line":100,"column":20},"end":{"line":100,"column":85},"skip":true},"27":{"start":{"line":101,"column":20},"end":{"line":101,"column":96},"skip":true},"28":{"start":{"line":103,"column":16},"end":{"line":103,"column":22},"skip":true},"29":{"start":{"line":106,"column":16},"end":{"line":106,"column":22},"skip":true},"30":{"start":{"line":108,"column":12},"end":{"line":120,"column":13},"skip":true},"31":{"start":{"line":114,"column":16},"end":{"line":119,"column":17},"skip":true},"32":{"start":{"line":116,"column":20},"end":{"line":116,"column":78},"skip":true},"33":{"start":{"line":118,"column":20},"end":{"line":118,"column":47},"skip":true},"34":{"start":{"line":123,"column":8},"end":{"line":141,"column":11},"skip":true},"35":{"start":{"line":124,"column":12},"end":{"line":124,"column":54},"skip":true},"36":{"start":{"line":125,"column":12},"end":{"line":140,"column":14},"skip":true},"37":{"start":{"line":126,"column":16},"end":{"line":126,"column":28},"skip":true},"38":{"start":{"line":127,"column":16},"end":{"line":127,"column":69},"skip":true},"39":{"start":{"line":128,"column":16},"end":{"line":128,"column":75},"skip":true},"40":{"start":{"line":129,"column":16},"end":{"line":131,"column":17},"skip":true},"41":{"start":{"line":130,"column":20},"end":{"line":130,"column":27},"skip":true},"42":{"start":{"line":133,"column":16},"end":{"line":137,"column":36},"skip":true},"43":{"start":{"line":134,"column":20},"end":{"line":136,"column":55},"skip":true},"44":{"start":{"line":139,"column":16},"end":{"line":139,"column":57},"skip":true},"45":{"start":{"line":143,"column":8},"end":{"line":147,"column":11},"skip":true},"46":{"start":{"line":144,"column":12},"end":{"line":146,"column":15},"skip":true},"47":{"start":{"line":145,"column":16},"end":{"line":145,"column":70},"skip":true},"48":{"start":{"line":149,"column":8},"end":{"line":149,"column":31},"skip":true},"49":{"start":{"line":150,"column":8},"end":{"line":150,"column":14},"skip":true},"50":{"start":{"line":158,"column":8},"end":{"line":158,"column":31},"skip":true},"51":{"start":{"line":160,"column":8},"end":{"line":160,"column":33},"skip":true},"52":{"start":{"line":161,"column":8},"end":{"line":161,"column":37},"skip":true},"53":{"start":{"line":162,"column":8},"end":{"line":162,"column":35},"skip":true},"54":{"start":{"line":164,"column":8},"end":{"line":164,"column":50},"skip":true},"55":{"start":{"line":166,"column":8},"end":{"line":256,"column":2},"skip":true},"56":{"start":{"line":258,"column":8},"end":{"line":286,"column":9},"skip":true},"57":{"start":{"line":259,"column":12},"end":{"line":269,"column":14},"skip":true},"58":{"start":{"line":271,"column":12},"end":{"line":285,"column":19},"skip":true},"59":{"start":{"line":274,"column":20},"end":{"line":274,"column":35},"skip":true},"60":{"start":{"line":275,"column":20},"end":{"line":284,"column":21},"skip":true},"61":{"start":{"line":277,"column":24},"end":{"line":277,"column":64},"skip":true},"62":{"start":{"line":279,"column":24},"end":{"line":279,"column":40},"skip":true},"63":{"start":{"line":281,"column":24},"end":{"line":281,"column":40},"skip":true},"64":{"start":{"line":283,"column":24},"end":{"line":283,"column":39},"skip":true},"65":{"start":{"line":288,"column":8},"end":{"line":290,"column":9},"skip":true},"66":{"start":{"line":289,"column":12},"end":{"line":289,"column":18},"skip":true},"67":{"start":{"line":291,"column":8},"end":{"line":293,"column":54},"skip":true},"68":{"start":{"line":294,"column":8},"end":{"line":301,"column":37},"skip":true},"69":{"start":{"line":302,"column":8},"end":{"line":302,"column":82},"skip":true},"70":{"start":{"line":305,"column":8},"end":{"line":307,"column":9},"skip":true},"71":{"start":{"line":306,"column":12},"end":{"line":306,"column":82},"skip":true},"72":{"start":{"line":309,"column":8},"end":{"line":311,"column":9},"skip":true},"73":{"start":{"line":310,"column":12},"end":{"line":310,"column":18},"skip":true},"74":{"start":{"line":312,"column":8},"end":{"line":312,"column":54},"skip":true},"75":{"start":{"line":313,"column":8},"end":{"line":313,"column":69},"skip":true},"76":{"start":{"line":314,"column":8},"end":{"line":322,"column":36},"skip":true},"77":{"start":{"line":315,"column":12},"end":{"line":315,"column":61},"skip":true},"78":{"start":{"line":316,"column":12},"end":{"line":319,"column":13},"skip":true},"79":{"start":{"line":317,"column":16},"end":{"line":317,"column":75},"skip":true},"80":{"start":{"line":318,"column":16},"end":{"line":318,"column":23},"skip":true},"81":{"start":{"line":320,"column":12},"end":{"line":320,"column":38},"skip":true},"82":{"start":{"line":321,"column":12},"end":{"line":321,"column":27},"skip":true},"83":{"start":{"line":323,"column":8},"end":{"line":323,"column":14},"skip":true}},"branchMap":{"1":{"line":39,"type":"binary-expr","locations":[{"start":{"line":39,"column":23},"end":{"line":39,"column":62}},{"start":{"line":40,"column":20},"end":{"line":40,"column":70}},{"start":{"line":41,"column":20},"end":{"line":41,"column":71}},{"start":{"line":42,"column":20},"end":{"line":42,"column":29}}]},"2":{"line":44,"type":"binary-expr","locations":[{"start":{"line":44,"column":23},"end":{"line":44,"column":37}},{"start":{"line":45,"column":20},"end":{"line":45,"column":61}},{"start":{"line":46,"column":20},"end":{"line":46,"column":70}},{"start":{"line":47,"column":20},"end":{"line":47,"column":26}}]},"3":{"line":51,"type":"cond-expr","locations":[{"start":{"line":52,"column":14},"end":{"line":52,"column":20}},{"start":{"line":53,"column":14},"end":{"line":53,"column":20}}]},"4":{"line":55,"type":"binary-expr","locations":[{"start":{"line":55,"column":16},"end":{"line":55,"column":44}},{"start":{"line":55,"column":49},"end":{"line":57,"column":43}}]},"5":{"line":55,"type":"cond-expr","locations":[{"start":{"line":56,"column":14},"end":{"line":56,"column":48}},{"start":{"line":57,"column":14},"end":{"line":57,"column":43}}]},"6":{"line":61,"type":"switch","locations":[{"start":{"line":68,"column":4},"end":{"line":150,"column":14},"skip":true},{"start":{"line":156,"column":4},"end":{"line":323,"column":14},"skip":true}]},"7":{"line":70,"type":"if","locations":[{"start":{"line":70,"column":12},"end":{"line":70,"column":12},"skip":true},{"start":{"line":70,"column":12},"end":{"line":70,"column":12},"skip":true}]},"8":{"line":70,"type":"binary-expr","locations":[{"start":{"line":70,"column":16},"end":{"line":70,"column":22},"skip":true},{"start":{"line":70,"column":27},"end":{"line":70,"column":32},"skip":true},{"start":{"line":71,"column":20},"end":{"line":71,"column":39},"skip":true},{"start":{"line":72,"column":20},"end":{"line":72,"column":49},"skip":true},{"start":{"line":73,"column":20},"end":{"line":73,"column":58},"skip":true},{"start":{"line":74,"column":20},"end":{"line":74,"column":69},"skip":true}]},"9":{"line":79,"type":"switch","locations":[{"start":{"line":80,"column":20},"end":{"line":80,"column":33},"skip":true},{"start":{"line":81,"column":20},"end":{"line":83,"column":30},"skip":true},{"start":{"line":84,"column":20},"end":{"line":85,"column":49},"skip":true}]},"10":{"line":89,"type":"switch","locations":[{"start":{"line":90,"column":12},"end":{"line":103,"column":22},"skip":true},{"start":{"line":105,"column":12},"end":{"line":106,"column":22},"skip":true}]},"11":{"line":89,"type":"binary-expr","locations":[{"start":{"line":89,"column":20},"end":{"line":89,"column":25},"skip":true},{"start":{"line":89,"column":29},"end":{"line":89,"column":48},"skip":true},{"start":{"line":89,"column":52},"end":{"line":89,"column":74},"skip":true}]},"12":{"line":92,"type":"if","locations":[{"start":{"line":92,"column":16},"end":{"line":92,"column":16},"skip":true},{"start":{"line":92,"column":16},"end":{"line":92,"column":16},"skip":true}]},"13":{"line":108,"type":"if","locations":[{"start":{"line":108,"column":12},"end":{"line":108,"column":12},"skip":true},{"start":{"line":108,"column":12},"end":{"line":108,"column":12},"skip":true}]},"14":{"line":108,"type":"binary-expr","locations":[{"start":{"line":108,"column":16},"end":{"line":108,"column":61},"skip":true},{"start":{"line":108,"column":66},"end":{"line":108,"column":72},"skip":true},{"start":{"line":108,"column":77},"end":{"line":108,"column":82},"skip":true},{"start":{"line":109,"column":20},"end":{"line":109,"column":39},"skip":true},{"start":{"line":110,"column":20},"end":{"line":110,"column":49},"skip":true},{"start":{"line":111,"column":20},"end":{"line":111,"column":58},"skip":true},{"start":{"line":112,"column":20},"end":{"line":112,"column":68},"skip":true}]},"15":{"line":129,"type":"if","locations":[{"start":{"line":129,"column":16},"end":{"line":129,"column":16},"skip":true},{"start":{"line":129,"column":16},"end":{"line":129,"column":16},"skip":true}]},"16":{"line":134,"type":"cond-expr","locations":[{"start":{"line":135,"column":26},"end":{"line":135,"column":29},"skip":true},{"start":{"line":136,"column":26},"end":{"line":136,"column":54},"skip":true}]},"17":{"line":164,"type":"binary-expr","locations":[{"start":{"line":164,"column":27},"end":{"line":164,"column":43},"skip":true},{"start":{"line":164,"column":47},"end":{"line":164,"column":49},"skip":true}]},"18":{"line":258,"type":"if","locations":[{"start":{"line":258,"column":8},"end":{"line":258,"column":8},"skip":true},{"start":{"line":258,"column":8},"end":{"line":258,"column":8},"skip":true}]},"19":{"line":275,"type":"switch","locations":[{"start":{"line":276,"column":20},"end":{"line":277,"column":64},"skip":true},{"start":{"line":278,"column":20},"end":{"line":279,"column":40},"skip":true},{"start":{"line":280,"column":20},"end":{"line":281,"column":40},"skip":true},{"start":{"line":282,"column":20},"end":{"line":283,"column":39},"skip":true}]},"20":{"line":288,"type":"if","locations":[{"start":{"line":288,"column":8},"end":{"line":288,"column":8},"skip":true},{"start":{"line":288,"column":8},"end":{"line":288,"column":8},"skip":true}]},"21":{"line":288,"type":"binary-expr","locations":[{"start":{"line":288,"column":12},"end":{"line":288,"column":40},"skip":true},{"start":{"line":288,"column":44},"end":{"line":288,"column":67},"skip":true}]},"22":{"line":292,"type":"binary-expr","locations":[{"start":{"line":292,"column":12},"end":{"line":292,"column":50},"skip":true},{"start":{"line":293,"column":12},"end":{"line":293,"column":53},"skip":true}]},"23":{"line":295,"type":"binary-expr","locations":[{"start":{"line":295,"column":12},"end":{"line":295,"column":62},"skip":true},{"start":{"line":296,"column":12},"end":{"line":301,"column":36},"skip":true}]},"24":{"line":302,"type":"binary-expr","locations":[{"start":{"line":302,"column":43},"end":{"line":302,"column":75},"skip":true},{"start":{"line":302,"column":79},"end":{"line":302,"column":81},"skip":true}]},"25":{"line":305,"type":"if","locations":[{"start":{"line":305,"column":8},"end":{"line":305,"column":8},"skip":true},{"start":{"line":305,"column":8},"end":{"line":305,"column":8},"skip":true}]},"26":{"line":309,"type":"if","locations":[{"start":{"line":309,"column":8},"end":{"line":309,"column":8},"skip":true},{"start":{"line":309,"column":8},"end":{"line":309,"column":8},"skip":true}]},"27":{"line":312,"type":"binary-expr","locations":[{"start":{"line":312,"column":27},"end":{"line":312,"column":43},"skip":true},{"start":{"line":312,"column":47},"end":{"line":312,"column":53},"skip":true}]},"28":{"line":316,"type":"if","locations":[{"start":{"line":316,"column":12},"end":{"line":316,"column":12},"skip":true},{"start":{"line":316,"column":12},"end":{"line":316,"column":12},"skip":true}]}},"code":["/*","example.js","","quickstart example","","instruction","    1. save this script as example.js","    2. run the shell command:","        $ npm install npmtest-edge && PORT=8081 node example.js","    3. play with the browser-demo on http://127.0.0.1:8081","*/","","","","/* istanbul instrument in package npmtest_edge */","/*jslint","    bitwise: true,","    browser: true,","    maxerr: 8,","    maxlen: 96,","    node: true,","    nomen: true,","    regexp: true,","    stupid: true","*/","(function () {","    'use strict';","    var local;","","","","    // run shared js-env code - pre-init","    (function () {","        // init local","        local = {};","        // init modeJs","        local.modeJs = (function () {","            try {","                return typeof navigator.userAgent === 'string' &&","                    typeof document.querySelector('body') === 'object' &&","                    typeof XMLHttpRequest.prototype.open === 'function' &&","                    'browser';","            } catch (errorCaughtBrowser) {","                return module.exports &&","                    typeof process.versions.node === 'string' &&","                    typeof require('http').createServer === 'function' &&","                    'node';","            }","        }());","        // init global","        local.global = local.modeJs === 'browser'","            ? window","            : global;","        // init utility2_rollup","        local = local.global.utility2_rollup || (local.modeJs === 'browser'","            ? local.global.utility2_npmtest_edge","            : global.utility2_moduleExports);","        // export local","        local.global.local = local;","    }());","    switch (local.modeJs) {","","","","    // post-init","    // run browser js-env code - post-init","    /* istanbul ignore next */","    case 'browser':","        local.testRunBrowser = function (event) {","            if (!event || (event &&","                    event.currentTarget &&","                    event.currentTarget.className &&","                    event.currentTarget.className.includes &&","                    event.currentTarget.className.includes('onreset'))) {","                // reset output","                Array.from(","                    document.querySelectorAll('body > .resettable')","                ).forEach(function (element) {","                    switch (element.tagName) {","                    case 'INPUT':","                    case 'TEXTAREA':","                        element.value = '';","                        break;","                    default:","                        element.textContent = '';","                    }","                });","            }","            switch (event && event.currentTarget && event.currentTarget.id) {","            case 'testRunButton1':","                // show tests","                if (document.querySelector('#testReportDiv1').style.display === 'none') {","                    document.querySelector('#testReportDiv1').style.display = 'block';","                    document.querySelector('#testRunButton1').textContent =","                        'hide internal test';","                    local.modeTest = true;","                    local.testRunDefault(local);","                // hide tests","                } else {","                    document.querySelector('#testReportDiv1').style.display = 'none';","                    document.querySelector('#testRunButton1').textContent = 'run internal test';","                }","                break;","            // custom-case","            default:","                break;","            }","            if (document.querySelector('#inputTextareaEval1') && (!event || (event &&","                    event.currentTarget &&","                    event.currentTarget.className &&","                    event.currentTarget.className.includes &&","                    event.currentTarget.className.includes('oneval')))) {","                // try to eval input-code","                try {","                    /*jslint evil: true*/","                    eval(document.querySelector('#inputTextareaEval1').value);","                } catch (errorCaught) {","                    console.error(errorCaught);","                }","            }","        };","        // log stderr and stdout to #outputTextareaStdout1","        ['error', 'log'].forEach(function (key) {","            console[key + '_original'] = console[key];","            console[key] = function () {","                var element;","                console[key + '_original'].apply(console, arguments);","                element = document.querySelector('#outputTextareaStdout1');","                if (!element) {","                    return;","                }","                // append text to #outputTextareaStdout1","                element.value += Array.from(arguments).map(function (arg) {","                    return typeof arg === 'string'","                        ? arg","                        : JSON.stringify(arg, null, 4);","                }).join(' ') + '\\n';","                // scroll textarea to bottom","                element.scrollTop = element.scrollHeight;","            };","        });","        // init event-handling","        ['change', 'click', 'keyup'].forEach(function (event) {","            Array.from(document.querySelectorAll('.on' + event)).forEach(function (element) {","                element.addEventListener(event, local.testRunBrowser);","            });","        });","        // run tests","        local.testRunBrowser();","        break;","","","","    // run node js-env code - post-init","    /* istanbul ignore next */","    case 'node':","        // export local","        module.exports = local;","        // require modules","        local.fs = require('fs');","        local.http = require('http');","        local.url = require('url');","        // init assets","        local.assetsDict = local.assetsDict || {};","        /* jslint-ignore-begin */","        local.assetsDict['/assets.index.template.html'] = '\\","<!doctype html>\\n\\","<html lang=\"en\">\\n\\","<head>\\n\\","<meta charset=\"UTF-8\">\\n\\","<meta name=\"viewport\" content=\"width=device-width, initial-scale=1\">\\n\\","<title>{{env.npm_package_name}} (v{{env.npm_package_version}})</title>\\n\\","<style>\\n\\","/*csslint\\n\\","    box-sizing: false,\\n\\","    universal-selector: false\\n\\","*/\\n\\","* {\\n\\","    box-sizing: border-box;\\n\\","}\\n\\","body {\\n\\","    background: #dde;\\n\\","    font-family: Arial, Helvetica, sans-serif;\\n\\","    margin: 2rem;\\n\\","}\\n\\","body > * {\\n\\","    margin-bottom: 1rem;\\n\\","}\\n\\",".utility2FooterDiv {\\n\\","    margin-top: 20px;\\n\\","    text-align: center;\\n\\","}\\n\\","</style>\\n\\","<style>\\n\\","/*csslint\\n\\","*/\\n\\","textarea {\\n\\","    font-family: monospace;\\n\\","    height: 10rem;\\n\\","    width: 100%;\\n\\","}\\n\\","textarea[readonly] {\\n\\","    background: #ddd;\\n\\","}\\n\\","</style>\\n\\","</head>\\n\\","<body>\\n\\","<!-- utility2-comment\\n\\","<div id=\"ajaxProgressDiv1\" style=\"background: #d00; height: 2px; left: 0; margin: 0; padding: 0; position: fixed; top: 0; transition: background 0.5s, width 1.5s; width: 25%;\"></div>\\n\\","utility2-comment -->\\n\\","<h1>\\n\\","<!-- utility2-comment\\n\\","    <a\\n\\","        {{#if env.npm_package_homepage}}\\n\\","        href=\"{{env.npm_package_homepage}}\"\\n\\","        {{/if env.npm_package_homepage}}\\n\\","        target=\"_blank\"\\n\\","    >\\n\\","utility2-comment -->\\n\\","        {{env.npm_package_name}} (v{{env.npm_package_version}})\\n\\","<!-- utility2-comment\\n\\","    </a>\\n\\","utility2-comment -->\\n\\","</h1>\\n\\","<h3>{{env.npm_package_description}}</h3>\\n\\","<!-- utility2-comment\\n\\","<h4><a download href=\"assets.app.js\">download standalone app</a></h4>\\n\\","<button class=\"onclick onreset\" id=\"testRunButton1\">run internal test</button><br>\\n\\","<div id=\"testReportDiv1\" style=\"display: none;\"></div>\\n\\","utility2-comment -->\\n\\","\\n\\","\\n\\","\\n\\","<label>stderr and stdout</label>\\n\\","<textarea class=\"resettable\" id=\"outputTextareaStdout1\" readonly></textarea>\\n\\","<!-- utility2-comment\\n\\","{{#if isRollup}}\\n\\","<script src=\"assets.app.js\"></script>\\n\\","{{#unless isRollup}}\\n\\","utility2-comment -->\\n\\","<script src=\"assets.utility2.rollup.js\"></script>\\n\\","<script src=\"jsonp.utility2._stateInit?callback=window.utility2._stateInit\"></script>\\n\\","<script src=\"assets.npmtest_edge.rollup.js\"></script>\\n\\","<script src=\"assets.example.js\"></script>\\n\\","<script src=\"assets.test.js\"></script>\\n\\","<!-- utility2-comment\\n\\","{{/if isRollup}}\\n\\","utility2-comment -->\\n\\","<div class=\"utility2FooterDiv\">\\n\\","    [ this app was created with\\n\\","    <a href=\"https://github.com/kaizhu256/node-utility2\" target=\"_blank\">utility2</a>\\n\\","    ]\\n\\","</div>\\n\\","</body>\\n\\","</html>\\n\\","';","        /* jslint-ignore-end */","        if (local.templateRender) {","            local.assetsDict['/'] = local.templateRender(","                local.assetsDict['/assets.index.template.html'],","                {","                    env: local.objectSetDefault(local.env, {","                        npm_package_description: 'the greatest app in the world!',","                        npm_package_name: 'my-app',","                        npm_package_nameAlias: 'my_app',","                        npm_package_version: '0.0.1'","                    })","                }","            );","        } else {","            local.assetsDict['/'] = local.assetsDict['/assets.index.template.html']","                .replace((/\\{\\{env\\.(\\w+?)\\}\\}/g), function (match0, match1) {","                    // jslint-hack","                    String(match0);","                    switch (match1) {","                    case 'npm_package_description':","                        return 'the greatest app in the world!';","                    case 'npm_package_name':","                        return 'my-app';","                    case 'npm_package_nameAlias':","                        return 'my_app';","                    case 'npm_package_version':","                        return '0.0.1';","                    }","                });","        }","        // run the cli","        if (local.global.utility2_rollup || module !== require.main) {","            break;","        }","        local.assetsDict['/assets.example.js'] =","            local.assetsDict['/assets.example.js'] ||","            local.fs.readFileSync(__filename, 'utf8');","        local.assetsDict['/assets.npmtest_edge.rollup.js'] =","            local.assetsDict['/assets.npmtest_edge.rollup.js'] ||","            local.fs.readFileSync(","                // buildCustomOrg-hack","                local.npmtest_edge.__dirname +","                    '/lib.npmtest_edge.js',","                'utf8'","            ).replace((/^#!/), '//');","        local.assetsDict['/favicon.ico'] = local.assetsDict['/favicon.ico'] || '';","        // if $npm_config_timeout_exit exists,","        // then exit this process after $npm_config_timeout_exit ms","        if (Number(process.env.npm_config_timeout_exit)) {","            setTimeout(process.exit, Number(process.env.npm_config_timeout_exit));","        }","        // start server","        if (local.global.utility2_serverHttp1) {","            break;","        }","        process.env.PORT = process.env.PORT || '8081';","        console.error('server starting on port ' + process.env.PORT);","        local.http.createServer(function (request, response) {","            request.urlParsed = local.url.parse(request.url);","            if (local.assetsDict[request.urlParsed.pathname] !== undefined) {","                response.end(local.assetsDict[request.urlParsed.pathname]);","                return;","            }","            response.statusCode = 404;","            response.end();","        }).listen(process.env.PORT);","        break;","    }","}());",""],"l":{"26":2,"28":2,"33":2,"35":2,"37":2,"38":2,"39":2,"44":1,"51":2,"55":2,"59":2,"61":2,"69":1,"70":2,"76":2,"79":2,"82":2,"83":2,"85":1,"89":2,"92":1,"93":1,"94":1,"96":1,"97":1,"100":1,"101":1,"103":1,"106":1,"108":2,"114":1,"116":1,"118":1,"123":1,"124":2,"125":2,"126":2,"127":2,"128":2,"129":2,"130":1,"133":2,"134":2,"139":2,"143":1,"144":3,"145":1,"149":1,"150":1,"158":1,"160":1,"161":1,"162":1,"164":1,"166":1,"258":1,"259":1,"271":1,"274":6,"275":6,"277":1,"279":2,"281":1,"283":2,"288":1,"289":1,"291":1,"294":1,"302":1,"305":1,"306":1,"309":1,"310":1,"312":1,"313":1,"314":1,"315":1,"316":1,"317":1,"318":1,"320":1,"321":1,"323":1}},"/home/travis/build/npmtest/node-npmtest-edge/node_modules/edge/lib/edge.js":{"path":"/home/travis/build/npmtest/node-npmtest-edge/node_modules/edge/lib/edge.js","s":{"1":1,"2":1,"3":1,"4":0,"5":0,"6":0,"7":0,"8":1,"9":1,"10":0,"11":1,"12":1,"13":0,"14":0,"15":0,"16":1,"17":0,"18":1,"19":1,"20":1,"21":1,"22":1,"23":1,"24":1,"25":48,"26":48,"27":48,"28":48,"29":12,"30":2,"31":10,"32":36,"33":34,"34":34,"35":34,"36":34,"37":34,"38":34,"39":34,"40":34,"41":2,"42":0,"43":48,"44":0,"45":48,"46":44,"47":44,"48":44,"49":44,"50":0,"51":44,"52":44,"53":0,"54":44,"55":0,"56":44,"57":44,"58":48,"59":0,"60":48,"61":0,"62":48,"63":34,"64":34,"65":0,"66":34,"67":14,"68":0,"69":0,"70":0,"71":0,"72":0,"73":14,"74":4,"75":2,"76":2,"77":0,"78":2,"79":10,"80":10,"81":14,"82":12,"83":14},"b":{"1":[1,0],"2":[1,1],"3":[0,0],"4":[0,1],"5":[1,0],"6":[0,0],"7":[0,0],"8":[0,1],"9":[1,0],"10":[1,0],"11":[1,1,1],"12":[48,0],"13":[12,36],"14":[2,10],"15":[34,2],"16":[0,2],"17":[0,48],"18":[44,4],"19":[0,44],"20":[44,0],"21":[0,48],"22":[48,44],"23":[0,48],"24":[48,4],"25":[34,14],"26":[0,34],"27":[0,14],"28":[0,0],"29":[0,0],"30":[4,10],"31":[2,2],"32":[0,2],"33":[10,0],"34":[12,2]},"f":{"1":0,"2":48,"3":34,"4":0},"fnMap":{"1":{"name":"determineVersion","line":15,"loc":{"start":{"line":15,"column":0},"end":{"line":15,"column":28}}},"2":{"name":"(anonymous_2)","line":56,"loc":{"start":{"line":56,"column":15},"end":{"line":56,"column":43}}},"3":{"name":"(anonymous_3)","line":74,"loc":{"start":{"line":74,"column":38},"end":{"line":74,"column":61}}},"4":{"name":"(anonymous_4)","line":145,"loc":{"start":{"line":145,"column":35},"end":{"line":145,"column":50}}}},"statementMap":{"1":{"start":{"line":1,"column":0},"end":{"line":4,"column":11}},"2":{"start":{"line":6,"column":0},"end":{"line":13,"column":2}},"3":{"start":{"line":15,"column":0},"end":{"line":25,"column":1}},"4":{"start":{"line":16,"column":4},"end":{"line":20,"column":5}},"5":{"start":{"line":17,"column":8},"end":{"line":19,"column":9}},"6":{"start":{"line":18,"column":12},"end":{"line":18,"column":36}},"7":{"start":{"line":22,"column":4},"end":{"line":24,"column":38}},"8":{"start":{"line":26,"column":0},"end":{"line":26,"column":15}},"9":{"start":{"line":27,"column":0},"end":{"line":40,"column":1}},"10":{"start":{"line":28,"column":4},"end":{"line":28,"column":41}},"11":{"start":{"line":30,"column":5},"end":{"line":40,"column":1}},"12":{"start":{"line":31,"column":4},"end":{"line":31,"column":27}},"13":{"start":{"line":33,"column":5},"end":{"line":40,"column":1}},"14":{"start":{"line":34,"column":4},"end":{"line":34,"column":196}},"15":{"start":{"line":37,"column":4},"end":{"line":39,"column":125}},"16":{"start":{"line":41,"column":0},"end":{"line":43,"column":1}},"17":{"start":{"line":42,"column":4},"end":{"line":42,"column":64}},"18":{"start":{"line":44,"column":0},"end":{"line":48,"column":1}},"19":{"start":{"line":47,"column":4},"end":{"line":47,"column":37}},"20":{"start":{"line":49,"column":0},"end":{"line":51,"column":1}},"21":{"start":{"line":50,"column":4},"end":{"line":50,"column":106}},"22":{"start":{"line":53,"column":0},"end":{"line":53,"column":37}},"23":{"start":{"line":54,"column":0},"end":{"line":54,"column":27}},"24":{"start":{"line":56,"column":0},"end":{"line":172,"column":2}},"25":{"start":{"line":57,"column":4},"end":{"line":60,"column":5}},"26":{"start":{"line":58,"column":8},"end":{"line":58,"column":27}},"27":{"start":{"line":59,"column":8},"end":{"line":59,"column":24}},"28":{"start":{"line":62,"column":4},"end":{"line":88,"column":5}},"29":{"start":{"line":63,"column":8},"end":{"line":68,"column":9}},"30":{"start":{"line":64,"column":12},"end":{"line":64,"column":48}},"31":{"start":{"line":67,"column":12},"end":{"line":67,"column":42}},"32":{"start":{"line":70,"column":9},"end":{"line":88,"column":5}},"33":{"start":{"line":71,"column":8},"end":{"line":71,"column":64}},"34":{"start":{"line":72,"column":8},"end":{"line":72,"column":18}},"35":{"start":{"line":73,"column":8},"end":{"line":82,"column":9}},"36":{"start":{"line":74,"column":12},"end":{"line":76,"column":14}},"37":{"start":{"line":75,"column":16},"end":{"line":75,"column":29}},"38":{"start":{"line":77,"column":12},"end":{"line":77,"column":38}},"39":{"start":{"line":81,"column":12},"end":{"line":81,"column":64}},"40":{"start":{"line":84,"column":8},"end":{"line":84,"column":114}},"41":{"start":{"line":86,"column":9},"end":{"line":88,"column":5}},"42":{"start":{"line":87,"column":8},"end":{"line":87,"column":91}},"43":{"start":{"line":90,"column":4},"end":{"line":120,"column":5}},"44":{"start":{"line":91,"column":8},"end":{"line":91,"column":105}},"45":{"start":{"line":93,"column":9},"end":{"line":120,"column":5}},"46":{"start":{"line":94,"column":8},"end":{"line":94,"column":60}},"47":{"start":{"line":95,"column":8},"end":{"line":95,"column":21}},"48":{"start":{"line":96,"column":8},"end":{"line":102,"column":9}},"49":{"start":{"line":97,"column":12},"end":{"line":97,"column":45}},"50":{"start":{"line":100,"column":12},"end":{"line":101,"column":77}},"51":{"start":{"line":104,"column":8},"end":{"line":110,"column":9}},"52":{"start":{"line":105,"column":12},"end":{"line":105,"column":54}},"53":{"start":{"line":108,"column":12},"end":{"line":109,"column":60}},"54":{"start":{"line":112,"column":8},"end":{"line":115,"column":9}},"55":{"start":{"line":113,"column":12},"end":{"line":114,"column":78}},"56":{"start":{"line":117,"column":8},"end":{"line":119,"column":9}},"57":{"start":{"line":118,"column":12},"end":{"line":118,"column":92}},"58":{"start":{"line":122,"column":4},"end":{"line":128,"column":5}},"59":{"start":{"line":123,"column":8},"end":{"line":124,"column":60}},"60":{"start":{"line":126,"column":9},"end":{"line":128,"column":5}},"61":{"start":{"line":127,"column":8},"end":{"line":127,"column":91}},"62":{"start":{"line":130,"column":4},"end":{"line":138,"column":5}},"63":{"start":{"line":131,"column":8},"end":{"line":131,"column":80}},"64":{"start":{"line":132,"column":8},"end":{"line":137,"column":9}},"65":{"start":{"line":133,"column":12},"end":{"line":133,"column":38}},"66":{"start":{"line":136,"column":12},"end":{"line":136,"column":125}},"67":{"start":{"line":140,"column":4},"end":{"line":150,"column":5}},"68":{"start":{"line":141,"column":8},"end":{"line":143,"column":9}},"69":{"start":{"line":142,"column":12},"end":{"line":142,"column":84}},"70":{"start":{"line":145,"column":8},"end":{"line":149,"column":11}},"71":{"start":{"line":146,"column":12},"end":{"line":148,"column":13}},"72":{"start":{"line":147,"column":16},"end":{"line":147,"column":88}},"73":{"start":{"line":152,"column":4},"end":{"line":165,"column":5}},"74":{"start":{"line":153,"column":8},"end":{"line":161,"column":9}},"75":{"start":{"line":154,"column":12},"end":{"line":154,"column":74}},"76":{"start":{"line":155,"column":12},"end":{"line":158,"column":13}},"77":{"start":{"line":156,"column":16},"end":{"line":157,"column":115}},"78":{"start":{"line":160,"column":12},"end":{"line":160,"column":55}},"79":{"start":{"line":163,"column":9},"end":{"line":165,"column":5}},"80":{"start":{"line":164,"column":8},"end":{"line":164,"column":37}},"81":{"start":{"line":167,"column":4},"end":{"line":169,"column":5}},"82":{"start":{"line":168,"column":8},"end":{"line":168,"column":38}},"83":{"start":{"line":171,"column":4},"end":{"line":171,"column":43}}},"branchMap":{"1":{"line":3,"type":"cond-expr","locations":[{"start":{"line":3,"column":179},"end":{"line":3,"column":198}},{"start":{"line":3,"column":201},"end":{"line":3,"column":222}}]},"2":{"line":3,"type":"binary-expr","locations":[{"start":{"line":3,"column":65},"end":{"line":3,"column":93}},{"start":{"line":3,"column":97},"end":{"line":3,"column":176}}]},"3":{"line":17,"type":"if","locations":[{"start":{"line":17,"column":8},"end":{"line":17,"column":8}},{"start":{"line":17,"column":8},"end":{"line":17,"column":8}}]},"4":{"line":27,"type":"if","locations":[{"start":{"line":27,"column":0},"end":{"line":27,"column":0}},{"start":{"line":27,"column":0},"end":{"line":27,"column":0}}]},"5":{"line":30,"type":"if","locations":[{"start":{"line":30,"column":5},"end":{"line":30,"column":5}},{"start":{"line":30,"column":5},"end":{"line":30,"column":5}}]},"6":{"line":33,"type":"if","locations":[{"start":{"line":33,"column":5},"end":{"line":33,"column":5}},{"start":{"line":33,"column":5},"end":{"line":33,"column":5}}]},"7":{"line":34,"type":"cond-expr","locations":[{"start":{"line":34,"column":160},"end":{"line":34,"column":174}},{"start":{"line":34,"column":177},"end":{"line":34,"column":193}}]},"8":{"line":41,"type":"if","locations":[{"start":{"line":41,"column":0},"end":{"line":41,"column":0}},{"start":{"line":41,"column":0},"end":{"line":41,"column":0}}]},"9":{"line":44,"type":"if","locations":[{"start":{"line":44,"column":0},"end":{"line":44,"column":0}},{"start":{"line":44,"column":0},"end":{"line":44,"column":0}}]},"10":{"line":49,"type":"if","locations":[{"start":{"line":49,"column":0},"end":{"line":49,"column":0}},{"start":{"line":49,"column":0},"end":{"line":49,"column":0}}]},"11":{"line":49,"type":"binary-expr","locations":[{"start":{"line":49,"column":4},"end":{"line":49,"column":32}},{"start":{"line":49,"column":36},"end":{"line":49,"column":67}},{"start":{"line":49,"column":71},"end":{"line":49,"column":171}}]},"12":{"line":57,"type":"if","locations":[{"start":{"line":57,"column":4},"end":{"line":57,"column":4}},{"start":{"line":57,"column":4},"end":{"line":57,"column":4}}]},"13":{"line":62,"type":"if","locations":[{"start":{"line":62,"column":4},"end":{"line":62,"column":4}},{"start":{"line":62,"column":4},"end":{"line":62,"column":4}}]},"14":{"line":63,"type":"if","locations":[{"start":{"line":63,"column":8},"end":{"line":63,"column":8}},{"start":{"line":63,"column":8},"end":{"line":63,"column":8}}]},"15":{"line":70,"type":"if","locations":[{"start":{"line":70,"column":9},"end":{"line":70,"column":9}},{"start":{"line":70,"column":9},"end":{"line":70,"column":9}}]},"16":{"line":86,"type":"if","locations":[{"start":{"line":86,"column":9},"end":{"line":86,"column":9}},{"start":{"line":86,"column":9},"end":{"line":86,"column":9}}]},"17":{"line":90,"type":"if","locations":[{"start":{"line":90,"column":4},"end":{"line":90,"column":4}},{"start":{"line":90,"column":4},"end":{"line":90,"column":4}}]},"18":{"line":93,"type":"if","locations":[{"start":{"line":93,"column":9},"end":{"line":93,"column":9}},{"start":{"line":93,"column":9},"end":{"line":93,"column":9}}]},"19":{"line":112,"type":"if","locations":[{"start":{"line":112,"column":8},"end":{"line":112,"column":8}},{"start":{"line":112,"column":8},"end":{"line":112,"column":8}}]},"20":{"line":117,"type":"if","locations":[{"start":{"line":117,"column":8},"end":{"line":117,"column":8}},{"start":{"line":117,"column":8},"end":{"line":117,"column":8}}]},"21":{"line":122,"type":"if","locations":[{"start":{"line":122,"column":4},"end":{"line":122,"column":4}},{"start":{"line":122,"column":4},"end":{"line":122,"column":4}}]},"22":{"line":122,"type":"binary-expr","locations":[{"start":{"line":122,"column":8},"end":{"line":122,"column":29}},{"start":{"line":122,"column":33},"end":{"line":122,"column":48}}]},"23":{"line":126,"type":"if","locations":[{"start":{"line":126,"column":9},"end":{"line":126,"column":9}},{"start":{"line":126,"column":9},"end":{"line":126,"column":9}}]},"24":{"line":126,"type":"binary-expr","locations":[{"start":{"line":126,"column":13},"end":{"line":126,"column":33}},{"start":{"line":126,"column":37},"end":{"line":126,"column":51}}]},"25":{"line":130,"type":"if","locations":[{"start":{"line":130,"column":4},"end":{"line":130,"column":4}},{"start":{"line":130,"column":4},"end":{"line":130,"column":4}}]},"26":{"line":132,"type":"if","locations":[{"start":{"line":132,"column":8},"end":{"line":132,"column":8}},{"start":{"line":132,"column":8},"end":{"line":132,"column":8}}]},"27":{"line":140,"type":"if","locations":[{"start":{"line":140,"column":4},"end":{"line":140,"column":4}},{"start":{"line":140,"column":4},"end":{"line":140,"column":4}}]},"28":{"line":141,"type":"if","locations":[{"start":{"line":141,"column":8},"end":{"line":141,"column":8}},{"start":{"line":141,"column":8},"end":{"line":141,"column":8}}]},"29":{"line":146,"type":"if","locations":[{"start":{"line":146,"column":12},"end":{"line":146,"column":12}},{"start":{"line":146,"column":12},"end":{"line":146,"column":12}}]},"30":{"line":152,"type":"if","locations":[{"start":{"line":152,"column":4},"end":{"line":152,"column":4}},{"start":{"line":152,"column":4},"end":{"line":152,"column":4}}]},"31":{"line":153,"type":"if","locations":[{"start":{"line":153,"column":8},"end":{"line":153,"column":8}},{"start":{"line":153,"column":8},"end":{"line":153,"column":8}}]},"32":{"line":155,"type":"if","locations":[{"start":{"line":155,"column":12},"end":{"line":155,"column":12}},{"start":{"line":155,"column":12},"end":{"line":155,"column":12}}]},"33":{"line":163,"type":"if","locations":[{"start":{"line":163,"column":9},"end":{"line":163,"column":9}},{"start":{"line":163,"column":9},"end":{"line":163,"column":9}}]},"34":{"line":167,"type":"if","locations":[{"start":{"line":167,"column":4},"end":{"line":167,"column":4}},{"start":{"line":167,"column":4},"end":{"line":167,"column":4}}]}},"code":["var fs = require('fs')","    , path = require('path')","    , builtEdge = path.resolve(__dirname, '../build/Release/' + (process.env.EDGE_USE_CORECLR || !fs.existsSync(path.resolve(__dirname, '../build/Release/edge_nativeclr.node')) ? 'edge_coreclr.node' : 'edge_nativeclr.node'))","    , edge;","","var versionMap = [","    [ /^0\\.8\\./, '0.8.22' ],","    [ /^0\\.10\\./, '0.10.0' ],","    [ /^0\\.12\\./, '0.12.0' ],","    [ /^4\\./, '4.1.1' ],","    [ /^5\\./, '5.1.0' ],","    [ /^6\\./, '6.4.0' ],","];","","function determineVersion() {","    for (var i in versionMap) {","        if (process.versions.node.match(versionMap[i][0])) {","            return versionMap[i][1];","        }","    }","","    throw new Error('The edge module has not been pre-compiled for node.js version ' + process.version +","        '. You must build a custom version of edge.node. Please refer to https://github.com/tjanczuk/edge ' +","        'for building instructions.');","}","var edgeNative;","if (process.env.EDGE_NATIVE) {","    edgeNative = process.env.EDGE_NATIVE;","}","else if (fs.existsSync(builtEdge)) {","    edgeNative = builtEdge;","}","else if (process.platform === 'win32') {","    edgeNative = path.resolve(__dirname, './native/' + process.platform + '/' + process.arch + '/' + determineVersion() + '/' + (process.env.EDGE_USE_CORECLR ? 'edge_coreclr' : 'edge_nativeclr'));","}","else {","    throw new Error('The edge native module is not available at ' + builtEdge ","        + '. You can use EDGE_NATIVE environment variable to provide alternate location of edge.node. '","        + 'If you need to build edge.node, follow build instructions for your platform at https://github.com/tjanczuk/edge');","}","if (process.env.EDGE_DEBUG) {","    console.log('Load edge native library from: ' + edgeNative);","}","if (edgeNative.match(/edge_coreclr\\.node$/i)) {","    // Propagate the choice between desktop and coreclr to edge-cs; this is used in deciding","    // how to compile literal C# at https://github.com/tjanczuk/edge-cs/blob/master/lib/edge-cs.js","    process.env.EDGE_USE_CORECLR = 1;","}","if (process.env.EDGE_USE_CORECLR && !process.env.EDGE_BOOTSTRAP_DIR && fs.existsSync(path.join(__dirname, 'bootstrap', 'bin', 'Release', 'netcoreapp1.0', 'bootstrap.dll'))) {","    process.env.EDGE_BOOTSTRAP_DIR = path.join(__dirname, 'bootstrap', 'bin', 'Release', 'netcoreapp1.0');","}","","process.env.EDGE_NATIVE = edgeNative;","edge = require(edgeNative);","","exports.func = function(language, options) {","    if (!options) {","        options = language;","        language = 'cs';","    }","","    if (typeof options === 'string') {","        if (options.match(/\\.dll$/i)) {","            options = { assemblyFile: options };","        }","        else {","            options = { source: options };","        }","    }","    else if (typeof options === 'function') {","        var originalPrepareStackTrace = Error.prepareStackTrace;","        var stack;","        try {","            Error.prepareStackTrace = function(error, stack) {","                return stack;","            };","            stack = new Error().stack;","        }","        finally","        {","            Error.prepareStackTrace = originalPrepareStackTrace;","        }","        ","        options = { source: options, jsFileName: stack[1].getFileName(), jsLineNumber: stack[1].getLineNumber() };","    }","    else if (typeof options !== 'object') {","        throw new Error('Specify the source code as string or provide an options object.');","    }","","    if (typeof language !== 'string') {","        throw new Error('The first argument must be a string identifying the language compiler to use.');","    }","    else if (!options.assemblyFile) {","        var compilerName = 'edge-' + language.toLowerCase();","        var compiler;","        try {","            compiler = require(compilerName);","        }","        catch (e) {","            throw new Error(\"Unsupported language '\" + language + \"'. To compile script in language '\" + language +","                \"' an npm module '\" + compilerName + \"' must be installed.\");","        }","","        try {","            options.compiler = compiler.getCompiler();","        }","        catch (e) {","            throw new Error(\"The '\" + compilerName + \"' module required to compile the '\" + language + \"' language \" +","                \"does not contain getCompiler() function.\");","        }","","        if (typeof options.compiler !== 'string') {","            throw new Error(\"The '\" + compilerName + \"' module required to compile the '\" + language + \"' language \" +","                \"did not specify correct compiler package name or assembly.\");","        }","","        if (process.env.EDGE_USE_CORECLR) {","            options.bootstrapDependencyManifest = compiler.getBootstrapDependencyManifest();","        }","    }","","    if (!options.assemblyFile && !options.source) {","        throw new Error('Provide DLL or source file name or .NET script literal as a string parmeter, or specify an options object '+","            'with assemblyFile or source string property.');","    }","    else if (options.assemblyFile && options.source) {","        throw new Error('Provide either an asseblyFile or source property, but not both.');","    }","","    if (typeof options.source === 'function') {","        var match = options.source.toString().match(/[^]*\\/\\*([^]*)\\*\\/\\s*\\}$/);","        if (match) {","            options.source = match[1];","        }","        else {","            throw new Error('If .NET source is provided as JavaScript function, function body must be a /* ... */ comment.');","        }","    }","","    if (options.references !== undefined) {","        if (!Array.isArray(options.references)) {","            throw new Error('The references property must be an array of strings.');","        }","","        options.references.forEach(function (ref) {","            if (typeof ref !== 'string') {","                throw new Error('The references property must be an array of strings.');","            }","        });","    }","","    if (options.assemblyFile) {","        if (!options.typeName) {","            var matched = options.assemblyFile.match(/([^\\\\\\/]+)\\.dll$/i);","            if (!matched) {","                throw new Error('Unable to determine the namespace name based on assembly file name. ' +","                    'Specify typeName parameter as a namespace qualified CLR type name of the application class.');","            }","","            options.typeName = matched[1] + '.Startup';","        }","    }","    else if (!options.typeName) {","        options.typeName = \"Startup\";","    }","","    if (!options.methodName) {","        options.methodName = 'Invoke';","    }","","    return edge.initializeClrFunc(options);","};",""],"l":{"1":1,"6":1,"15":1,"16":0,"17":0,"18":0,"22":0,"26":1,"27":1,"28":0,"30":1,"31":1,"33":0,"34":0,"37":0,"41":1,"42":0,"44":1,"47":1,"49":1,"50":1,"53":1,"54":1,"56":1,"57":48,"58":48,"59":48,"62":48,"63":12,"64":2,"67":10,"70":36,"71":34,"72":34,"73":34,"74":34,"75":34,"77":34,"81":34,"84":34,"86":2,"87":0,"90":48,"91":0,"93":48,"94":44,"95":44,"96":44,"97":44,"100":0,"104":44,"105":44,"108":0,"112":44,"113":0,"117":44,"118":44,"122":48,"123":0,"126":48,"127":0,"130":48,"131":34,"132":34,"133":0,"136":34,"140":14,"141":0,"142":0,"145":0,"146":0,"147":0,"152":14,"153":4,"154":2,"155":2,"156":0,"160":2,"163":10,"164":10,"167":14,"168":12,"171":14}},"/home/travis/build/npmtest/node-npmtest-edge/node_modules/edge/lib/double_edge.js":{"path":"/home/travis/build/npmtest/node-npmtest-edge/node_modules/edge/lib/double_edge.js","s":{"1":2,"2":2,"3":0,"4":0,"5":0,"6":0,"7":0,"8":0,"9":0,"10":0,"11":0,"12":0,"13":0,"14":0,"15":2,"16":2,"17":2,"18":0,"19":0,"20":0,"21":0,"22":0,"23":0,"24":0,"25":0,"26":0,"27":0,"28":0},"b":{"1":[0,0],"2":[2,0],"3":[0,0],"4":[0,0],"5":[0,0]},"f":{"1":0,"2":0,"3":0,"4":0,"5":0,"6":0,"7":0,"8":0},"fnMap":{"1":{"name":"(anonymous_1)","line":8,"loc":{"start":{"line":8,"column":5},"end":{"line":8,"column":17}}},"2":{"name":"(anonymous_2)","line":10,"loc":{"start":{"line":10,"column":25},"end":{"line":10,"column":38}}},"3":{"name":"(anonymous_3)","line":12,"loc":{"start":{"line":12,"column":26},"end":{"line":12,"column":46}}},"4":{"name":"(anonymous_4)","line":16,"loc":{"start":{"line":16,"column":43},"end":{"line":16,"column":55}}},"5":{"name":"(anonymous_5)","line":17,"loc":{"start":{"line":17,"column":43},"end":{"line":17,"column":55}}},"6":{"name":"(anonymous_6)","line":32,"loc":{"start":{"line":32,"column":18},"end":{"line":32,"column":44}}},"7":{"name":"(anonymous_7)","line":44,"loc":{"start":{"line":44,"column":24},"end":{"line":44,"column":47}}},"8":{"name":"(anonymous_8)","line":49,"loc":{"start":{"line":49,"column":12},"end":{"line":49,"column":24}}}},"statementMap":{"1":{"start":{"line":2,"column":0},"end":{"line":19,"column":1}},"2":{"start":{"line":3,"column":4},"end":{"line":3,"column":32}},"3":{"start":{"line":8,"column":4},"end":{"line":18,"column":9}},"4":{"start":{"line":9,"column":8},"end":{"line":9,"column":39}},"5":{"start":{"line":10,"column":8},"end":{"line":13,"column":9}},"6":{"start":{"line":11,"column":12},"end":{"line":11,"column":39}},"7":{"start":{"line":12,"column":12},"end":{"line":12,"column":62}},"8":{"start":{"line":12,"column":48},"end":{"line":12,"column":59}},"9":{"start":{"line":14,"column":8},"end":{"line":14,"column":62}},"10":{"start":{"line":15,"column":8},"end":{"line":15,"column":42}},"11":{"start":{"line":16,"column":8},"end":{"line":16,"column":79}},"12":{"start":{"line":16,"column":57},"end":{"line":16,"column":75}},"13":{"start":{"line":17,"column":8},"end":{"line":17,"column":79}},"14":{"start":{"line":17,"column":57},"end":{"line":17,"column":75}},"15":{"start":{"line":21,"column":0},"end":{"line":22,"column":103}},"16":{"start":{"line":24,"column":0},"end":{"line":24,"column":32}},"17":{"start":{"line":26,"column":0},"end":{"line":30,"column":3}},"18":{"start":{"line":32,"column":0},"end":{"line":42,"column":2}},"19":{"start":{"line":33,"column":4},"end":{"line":33,"column":51}},"20":{"start":{"line":34,"column":4},"end":{"line":34,"column":36}},"21":{"start":{"line":35,"column":4},"end":{"line":35,"column":29}},"22":{"start":{"line":36,"column":4},"end":{"line":39,"column":5}},"23":{"start":{"line":37,"column":8},"end":{"line":38,"column":69}},"24":{"start":{"line":41,"column":4},"end":{"line":41,"column":25}},"25":{"start":{"line":44,"column":0},"end":{"line":46,"column":3}},"26":{"start":{"line":45,"column":4},"end":{"line":45,"column":27}},"27":{"start":{"line":45,"column":15},"end":{"line":45,"column":27}},"28":{"start":{"line":49,"column":0},"end":{"line":49,"column":37}}},"branchMap":{"1":{"line":12,"type":"binary-expr","locations":[{"start":{"line":12,"column":48},"end":{"line":12,"column":50}},{"start":{"line":12,"column":54},"end":{"line":12,"column":58}}]},"2":{"line":21,"type":"binary-expr","locations":[{"start":{"line":21,"column":29},"end":{"line":21,"column":55}},{"start":{"line":22,"column":4},"end":{"line":22,"column":102}}]},"3":{"line":22,"type":"cond-expr","locations":[{"start":{"line":22,"column":42},"end":{"line":22,"column":70}},{"start":{"line":22,"column":73},"end":{"line":22,"column":101}}]},"4":{"line":36,"type":"if","locations":[{"start":{"line":36,"column":4},"end":{"line":36,"column":4}},{"start":{"line":36,"column":4},"end":{"line":36,"column":4}}]},"5":{"line":45,"type":"if","locations":[{"start":{"line":45,"column":4},"end":{"line":45,"column":4}},{"start":{"line":45,"column":4},"end":{"line":45,"column":4}}]}},"code":["// Fix #176 for GUI applications on Windows","try {","    var stdout = process.stdout;","}","catch (e) {","    // This is a Windows GUI application without stdout and stderr defined.","    // Define process.stdout and process.stderr so that all output is discarded. ","    (function () {","        var stream = require('stream');","        var NullStream = function (o) {","            stream.Writable.call(this);","            this._write = function (c, e, cb) { cb && cb(); };","        }","        require('util').inherits(NullStream, stream.Writable);","        var nullStream = new NullStream();","        process.__defineGetter__('stdout', function () { return nullStream; });","        process.__defineGetter__('stderr', function () { return nullStream; });","    })();","}","","process.env['EDGE_NATIVE'] = process.env['EDGE_NATIVE'] ||","    __dirname + (process.arch === 'x64' ? '\\\\x64\\\\edge_nativeclr.node' : '\\\\x86\\\\edge_nativeclr.node');","","var edge = require('./edge.js');","","var initialize = edge.func({","    assemblyFile: __dirname + '\\\\..\\\\EdgeJs.dll',","    typeName: 'EdgeJs.Edge',","    methodName: 'InitializeInternal'","});","","var compileFunc = function (data, callback) {","    var wrapper = '(function () { ' + data + ' })';","    var funcFactory = eval(wrapper);","    var func = funcFactory();","    if (typeof func !== 'function') {","        throw new Error('Node.js code must return an instance of a JavaScript function. '","            + 'Please use `return` statement to return a function.');","    }","","    callback(null, func);","};","","initialize(compileFunc, function (error, data) {","    if (error) throw error;","});","","// prevent the V8 thread from exiting for the lifetime of the CLR application","setInterval(function () {}, 3600000); ",""],"l":{"2":2,"3":2,"8":0,"9":0,"10":0,"11":0,"12":0,"14":0,"15":0,"16":0,"17":0,"21":2,"24":2,"26":2,"32":0,"33":0,"34":0,"35":0,"36":0,"37":0,"41":0,"44":0,"45":0,"49":0}},"/home/travis/build/npmtest/node-npmtest-edge/node_modules/edge/performance/latency.js":{"path":"/home/travis/build/npmtest/node-npmtest-edge/node_modules/edge/performance/latency.js","s":{"1":1,"2":3,"3":3,"4":3,"5":3,"6":3,"7":3,"8":1,"9":1,"10":1,"11":1,"12":1,"13":1,"14":0,"15":1,"16":0,"17":0,"18":0,"19":0,"20":1,"21":0,"22":0,"23":0,"24":0,"25":0,"26":0,"27":0,"28":1,"29":0,"30":0,"31":0,"32":0,"33":0,"34":1,"35":0,"36":0,"37":0,"38":0,"39":0,"40":0,"41":0,"42":0,"43":0,"44":1,"45":0,"46":0,"47":0,"48":0,"49":0,"50":1,"51":0,"52":0,"53":0,"54":0,"55":0,"56":0,"57":0,"58":1},"b":{"1":[1,0],"2":[1,0],"3":[0,1],"4":[0,1],"5":[0,0],"6":[0,0],"7":[0,1],"8":[0,0],"9":[0,0],"10":[0,1],"11":[0,0],"12":[0,0]},"f":{"1":3,"2":0,"3":0,"4":0,"5":0,"6":0,"7":0,"8":0},"fnMap":{"1":{"name":"help","line":1,"loc":{"start":{"line":1,"column":0},"end":{"line":1,"column":16}}},"2":{"name":"(anonymous_2)","line":22,"loc":{"start":{"line":22,"column":43},"end":{"line":22,"column":55}}},"3":{"name":"one_i","line":30,"loc":{"start":{"line":30,"column":4},"end":{"line":30,"column":21}}},"4":{"name":"(anonymous_4)","line":31,"loc":{"start":{"line":31,"column":24},"end":{"line":31,"column":49}}},"5":{"name":"one_c","line":48,"loc":{"start":{"line":48,"column":4},"end":{"line":48,"column":21}}},"6":{"name":"(anonymous_6)","line":51,"loc":{"start":{"line":51,"column":24},"end":{"line":51,"column":49}}},"7":{"name":"one_x","line":68,"loc":{"start":{"line":68,"column":4},"end":{"line":68,"column":21}}},"8":{"name":"(anonymous_8)","line":69,"loc":{"start":{"line":69,"column":32},"end":{"line":69,"column":49}}}},"statementMap":{"1":{"start":{"line":1,"column":0},"end":{"line":8,"column":1}},"2":{"start":{"line":2,"column":4},"end":{"line":2,"column":50}},"3":{"start":{"line":3,"column":4},"end":{"line":3,"column":68}},"4":{"start":{"line":4,"column":4},"end":{"line":4,"column":70}},"5":{"start":{"line":5,"column":4},"end":{"line":5,"column":61}},"6":{"start":{"line":6,"column":4},"end":{"line":6,"column":47}},"7":{"start":{"line":7,"column":4},"end":{"line":7,"column":20}},"8":{"start":{"line":10,"column":0},"end":{"line":11,"column":11}},"9":{"start":{"line":11,"column":4},"end":{"line":11,"column":11}},"10":{"start":{"line":13,"column":0},"end":{"line":14,"column":11}},"11":{"start":{"line":14,"column":4},"end":{"line":14,"column":11}},"12":{"start":{"line":16,"column":0},"end":{"line":16,"column":25}},"13":{"start":{"line":18,"column":0},"end":{"line":19,"column":11}},"14":{"start":{"line":19,"column":4},"end":{"line":19,"column":11}},"15":{"start":{"line":21,"column":0},"end":{"line":81,"column":11}},"16":{"start":{"line":22,"column":4},"end":{"line":26,"column":9}},"17":{"start":{"line":27,"column":4},"end":{"line":27,"column":14}},"18":{"start":{"line":28,"column":4},"end":{"line":28,"column":27}},"19":{"start":{"line":29,"column":4},"end":{"line":29,"column":12}},"20":{"start":{"line":30,"column":4},"end":{"line":40,"column":5}},"21":{"start":{"line":31,"column":8},"end":{"line":39,"column":11}},"22":{"start":{"line":32,"column":12},"end":{"line":32,"column":35}},"23":{"start":{"line":32,"column":23},"end":{"line":32,"column":35}},"24":{"start":{"line":33,"column":12},"end":{"line":38,"column":36}},"25":{"start":{"line":34,"column":16},"end":{"line":34,"column":47}},"26":{"start":{"line":35,"column":16},"end":{"line":35,"column":46}},"27":{"start":{"line":38,"column":16},"end":{"line":38,"column":36}},"28":{"start":{"line":41,"column":6},"end":{"line":81,"column":11}},"29":{"start":{"line":42,"column":4},"end":{"line":42,"column":87}},"30":{"start":{"line":44,"column":4},"end":{"line":44,"column":38}},"31":{"start":{"line":45,"column":4},"end":{"line":45,"column":14}},"32":{"start":{"line":46,"column":4},"end":{"line":46,"column":27}},"33":{"start":{"line":47,"column":4},"end":{"line":47,"column":12}},"34":{"start":{"line":48,"column":4},"end":{"line":60,"column":5}},"35":{"start":{"line":49,"column":8},"end":
[...]
                  res.end('<p><a href=\"http://noone:noone@' + req.headers.host + '/\">Logout</a>');","                }","            })","        }","    }","    else {","        challange();","    }","}).listen(process.env.PORT || 8080);",""],"l":{"3":2,"6":2,"48":0,"49":1,"50":0,"51":0,"54":0,"55":0,"56":0,"57":0,"60":0,"61":0,"62":0,"63":0,"66":0,"67":0,"68":0,"74":0}},"/home/travis/build/npmtest/node-npmtest-edge/node_modules/edge/samples/211_events.js":{"path":"/home/travis/build/npmtest/node-npmtest-edge/node_modules/edge/samples/211_events.js","s":{"1":2,"2":2,"3":0,"4":0,"5":0,"6":0,"7":0,"8":0,"9":0,"10":0,"11":0,"12":0,"13":0,"14":0,"15":0},"b":{"1":[0,0],"2":[0,0]},"f":{"1":0,"2":0,"3":0,"4":0,"5":0,"6":0},"fnMap":{"1":{"name":"(anonymous_1)","line":5,"loc":{"start":{"line":5,"column":26},"end":{"line":5,"column":37}}},"2":{"name":"(anonymous_2)","line":38,"loc":{"start":{"line":38,"column":19},"end":{"line":38,"column":39}}},"3":{"name":"(anonymous_3)","line":42,"loc":{"start":{"line":42,"column":3},"end":{"line":42,"column":33}}},"4":{"name":"(anonymous_4)","line":45,"loc":{"start":{"line":45,"column":15},"end":{"line":45,"column":27}}},"5":{"name":"(anonymous_5)","line":46,"loc":{"start":{"line":46,"column":26},"end":{"line":46,"column":43}}},"6":{"name":"(anonymous_6)","line":50,"loc":{"start":{"line":50,"column":23},"end":{"line":50,"column":35}}}},"statementMap":{"1":{"start":{"line":3,"column":0},"end":{"line":3,"column":34}},"2":{"start":{"line":5,"column":0},"end":{"line":34,"column":5}},"3":{"start":{"line":36,"column":0},"end":{"line":53,"column":3}},"4":{"start":{"line":39,"column":8},"end":{"line":39,"column":44}},"5":{"start":{"line":40,"column":8},"end":{"line":40,"column":13}},"6":{"start":{"line":43,"column":4},"end":{"line":43,"column":27}},"7":{"start":{"line":43,"column":15},"end":{"line":43,"column":27}},"8":{"start":{"line":44,"column":4},"end":{"line":44,"column":76}},"9":{"start":{"line":45,"column":4},"end":{"line":52,"column":13}},"10":{"start":{"line":46,"column":8},"end":{"line":51,"column":11}},"11":{"start":{"line":47,"column":12},"end":{"line":47,"column":35}},"12":{"start":{"line":47,"column":23},"end":{"line":47,"column":35}},"13":{"start":{"line":48,"column":12},"end":{"line":48,"column":58}},"14":{"start":{"line":49,"column":12},"end":{"line":49,"column":101}},"15":{"start":{"line":50,"column":12},"end":{"line":50,"column":45}}},"branchMap":{"1":{"line":43,"type":"if","locations":[{"start":{"line":43,"column":4},"end":{"line":43,"column":4}},{"start":{"line":43,"column":4},"end":{"line":43,"column":4}}]},"2":{"line":47,"type":"if","locations":[{"start":{"line":47,"column":12},"end":{"line":47,"column":12}},{"start":{"line":47,"column":12},"end":{"line":47,"column":12}}]}},"code":["// Overview of edge.js: http://tjanczuk.github.com/edge","","var edge = require('../lib/edge');","","var subscribe = edge.func(function() {/*","    async (dynamic input) =>","    {","        // Create a timer with the specifed interval. ","        // Conceptually this can be any event source. ","","        var timer = new System.Timers.Timer(input.interval);","","        // Hook up the Elapsed event for the timer and delegate ","        // the call to a Node.js event handler. ","        // Depending on the EventArgs, the data may need to be transformed ","        // if it cannot be directly marshaled by Edge.js.","","        timer.Elapsed += (Object source, System.Timers.ElapsedEventArgs e) => {","            ((Func<object,Task<object>>)input.event_handler)(e).Start();","        };","","        // Start the timer","        ","        timer.Enabled = true;","","        // Return a function that can be used by Node.js to ","        // unsubscribe from the event source.","","        return (Func<object,Task<object>>)(async (dynamic data) => {","            timer.Enabled = false;","            return null;","        });","    }","*/});","","subscribe({","    interval: 2000,","    event_handler: function (data, cb) {","        console.log('Received event', data);","        cb();","    } ","}, function (error, unsubscribe) {","    if (error) throw error;","    console.log('Subscribed to .NET events. Unsubscribing in 7 seconds...');","    setTimeout(function () {","        unsubscribe(null, function (error) {","            if (error) throw error;","            console.log('Unsubscribed from .NET events.');","            console.log('Waiting 5 seconds before exit to show that no more events are generated...')","            setTimeout(function () {}, 5000);","        });","    }, 7000);","});",""],"l":{"3":2,"5":2,"36":0,"39":0,"40":0,"43":0,"44":0,"45":0,"46":0,"47":0,"48":0,"49":0,"50":0}},"/home/travis/build/npmtest/node-npmtest-edge/node_modules/edge/samples/301_cspyfsps.js":{"path":"/home/travis/build/npmtest/node-npmtest-edge/node_modules/edge/samples/301_cspyfsps.js","s":{"1":2,"2":0,"3":0,"4":0,"5":0,"6":0,"7":0,"8":0},"b":{"1":[0,0]},"f":{"1":0,"2":0,"3":0,"4":0,"5":0,"6":0},"fnMap":{"1":{"name":"(anonymous_1)","line":6,"loc":{"start":{"line":6,"column":24},"end":{"line":6,"column":36}}},"2":{"name":"(anonymous_2)","line":13,"loc":{"start":{"line":13,"column":30},"end":{"line":13,"column":42}}},"3":{"name":"(anonymous_3)","line":20,"loc":{"start":{"line":20,"column":30},"end":{"line":20,"column":42}}},"4":{"name":"(anonymous_4)","line":26,"loc":{"start":{"line":26,"column":30},"end":{"line":26,"column":42}}},"5":{"name":"(anonymous_5)","line":31,"loc":{"start":{"line":31,"column":1},"end":{"line":31,"column":15}}},"6":{"name":"(anonymous_6)","line":37,"loc":{"start":{"line":37,"column":3},"end":{"line":37,"column":28}}}},"statementMap":{"1":{"start":{"line":3,"column":0},"end":{"line":4,"column":28}},"2":{"start":{"line":6,"column":0},"end":{"line":11,"column":5}},"3":{"start":{"line":13,"column":0},"end":{"line":18,"column":5}},"4":{"start":{"line":20,"column":0},"end":{"line":24,"column":5}},"5":{"start":{"line":26,"column":0},"end":{"line":28,"column":5}},"6":{"start":{"line":30,"column":0},"end":{"line":39,"column":3}},"7":{"start":{"line":31,"column":17},"end":{"line":31,"column":37}},"8":{"start":{"line":38,"column":1},"end":{"line":38,"column":33}}},"branchMap":{"1":{"line":38,"type":"binary-expr","locations":[{"start":{"line":38,"column":13},"end":{"line":38,"column":18}},{"start":{"line":38,"column":22},"end":{"line":38,"column":31}}]}},"code":["// Overview of edge.js: http://tjanczuk.github.com/edge","","var edge = require('../lib/edge')","\t, async = require('async');","","var helloCs = edge.func(function () {/*","\tasync (input) => ","\t{ ","\t\treturn \"C# welcomes \" + input.ToString(); ","\t}","*/});","","var helloPy = edge.func('py', function () {/*","    def hello(input):","        return \"Python welcomes \" + input","","    lambda x: hello(x)","*/});","","var helloFs = edge.func('fs', function () {/*","    fun input -> async { ","        return \"F# welcomes \" + input.ToString()","    }","*/});","","var helloPs = edge.func('ps', function () {/*","\t\"PowerShell welcomes $inputFromJS\"","*/});","","async.waterfall([","\tfunction (cb) { cb(null, 'Node.js'); },","","\thelloFs,","\thelloCs,","\thelloPy,","\thelloPs","], function (error, result) {","\tconsole.log(error || result[0]);","});"],"l":{"3":2,"6":0,"13":0,"20":0,"26":0,"30":0,"31":0,"38":0}},"/home/travis/build/npmtest/node-npmtest-edge/node_modules/edge/tools/checkplatform.js":{"path":"/home/travis/build/npmtest/node-npmtest-edge/node_modules/edge/tools/checkplatform.js","s":{"1":1,"2":1,"3":0,"4":0,"5":0,"6":1},"b":{},"f":{},"fnMap":{},"statementMap":{"1":{"start":{"line":1,"column":0},"end":{"line":8,"column":1}},"2":{"start":{"line":2,"column":1},"end":{"line":2,"column":27}},"3":{"start":{"line":5,"column":1},"end":{"line":5,"column":56}},"4":{"start":{"line":6,"column":1},"end":{"line":6,"column":16}},"5":{"start":{"line":7,"column":1},"end":{"line":7,"column":56}},"6":{"start":{"line":10,"column":0},"end":{"line":10,"column":107}}},"branchMap":{},"code":["try {","\trequire('../lib/edge.js');","}","catch (e) {","\tconsole.log('***************************************');","\tconsole.log(e);","\tconsole.log('***************************************');","}","","console.log('Success: platform check for edge.js: node.js ' + process.arch + ' v' + process.versions.node);",""],"l":{"1":1,"2":1,"5":0,"6":0,"7":0,"10":1}},"/home/travis/build/npmtest/node-npmtest-edge/node_modules/edge/tools/download.js":{"path":"/home/travis/build/npmtest/node-npmtest-edge/node_modules/edge/tools/download.js","s":{"1":1,"2":1,"3":1,"4":0,"5":1,"6":1,"7":1,"8":2,"9":2,"10":2,"11":2,"12":2,"13":1,"14":1,"15":1,"16":1},"b":{"1":[0,1],"2":[2,0],"3":[1,1]},"f":{"1":2,"2":2},"fnMap":{"1":{"name":"try_get","line":19,"loc":{"start":{"line":19,"column":0},"end":{"line":19,"column":20}}},"2":{"name":"(anonymous_2)","line":21,"loc":{"start":{"line":21,"column":19},"end":{"line":21,"column":34}}}},"statementMap":{"1":{"start":{"line":1,"column":0},"end":{"line":1,"column":27}},"2":{"start":{"line":3,"column":0},"end":{"line":3,"column":9}},"3":{"start":{"line":4,"column":0},"end":{"line":15,"column":1}},"4":{"start":{"line":5,"column":1},"end":{"line":8,"column":3}},"5":{"start":{"line":11,"column":1},"end":{"line":14,"column":3}},"6":{"start":{"line":17,"column":0},"end":{"line":17,"column":11}},"7":{"start":{"line":19,"column":0},"end":{"line":33,"column":1}},"8":{"start":{"line":20,"column":1},"end":{"line":20,"column":46}},"9":{"start":{"line":21,"column":1},"end":{"line":32,"column":4}},"10":{"start":{"line":22,"column":2},"end":{"line":22,"column":38}},"11":{"start":{"line":23,"column":2},"end":{"line":28,"column":3}},"12":{"start":{"line":24,"column":3},"end":{"line":27,"column":15}},"13":{"start":{"line":25,"column":4},"end":{"line":25,"column":51}},"14":{"start":{"line":27,"column":4},"end":{"line":27,"column":15}},"15":{"start":{"line":30,"column":2},"end":{"line":30,"column":78}},"16":{"start":{"line":31,"column":2},"end":{"line":31,"column":19}}},"branchMap":{"1":{"line":4,"type":"if","locations":[{"start":{"line":4,"column":0},"end":{"line":4,"column":0}},{"start":{"line":4,"column":0},"end":{"line":4,"column":0}}]},"2":{"line":23,"type":"if","locations":[{"start":{"line":23,"column":2},"end":{"line":23,"column":2}},{"start":{"line":23,"column":2},"end":{"line":23,"column":2}}]},"3":{"line":24,"type":"if","locations":[{"start":{"line":24,"column":3},"end":{"line":24,"column":3}},{"start":{"line":24,"column":3},"end":{"line":24,"column":3}}]}},"code":["var http = require('http');","","var urls;","if (process.argv[2] === 'x86') {","\turls = [","\t\t'http://nodejs.org/dist/v' + process.argv[3] + '/node.exe',","\t\t'http://nodejs.org/dist/v' + process.argv[3] + '/win-x86/node.exe'","\t];","}","else {","\turls = [","\t\t'http://nodejs.org/dist/v' + process.argv[3] + '/x64/node.exe',","\t\t'http://nodejs.org/dist/v' + process.argv[3] + '/win-x64/node.exe'","\t];","}","","try_get(0);","","function try_get(i) {","\tconsole.log('Trying download from', urls[i]);","\thttp.get(urls[i], function (res) {","\t\tconsole.log('HTTP', res.statusCode);","\t\tif (res.statusCode !== 200) {","\t\t\tif (++i === urls.length)","\t\t\t\tthrow new Error('Unable to download node.exe');","\t\t\telse","\t\t\t\ttry_get(i);","\t\t}","","\t\tvar stream = require('fs').createWriteStream(process.argv[4] + '/node.exe');","\t\tres.pipe(stream);","\t});","}",""],"l":{"1":1,"3":1,"4":1,"5":0,"11":1,"17":1,"19":1,"20":2,"21":2,"22":2,"23":2,"24":2,"25":1,"27":1,"30":1,"31":1}},"/home/travis/build/npmtest/node-npmtest-edge/node_modules/edge/tools/install.js":{"path":"/home/travis/build/npmtest/node-npmtest-edge/node_modules/edge/tools/install.js","s":{"1":1,"2":1,"3":0,"4":1,"5":0,"6":0,"7":1,"8":0,"9":1,"10":0,"11":0,"12":0,"13":1,"14":0,"15":0,"16":0,"17":0,"18":0,"19":0,"20":0,"21":0,"22":0,"23":0,"24":0,"25":0,"26":0,"27":0,"28":0,"29":1},"b":{"1":[0,1],"2":[0,0]},"f":{"1":0,"2":0,"3":0,"4":0,"5":0,"6":0,"7":0,"8":0,"9":0,"10":0},"fnMap":{"1":{"name":"copyFile","line":11,"loc":{"start":{"line":11,"column":1},"end":{"line":11,"column":39}}},"2":{"name":"(anonymous_2)","line":12,"loc":{"start":{"line":12,"column":9},"end":{"line":12,"column":29}}},"3":{"name":"isDirectory","line":17,"loc":{"start":{"line":17,"column":1},"end":{"line":17,"column":28}}},"4":{"name":"getInfo","line":21,"loc":{"start":{"line":21,"column":1},"end":{"line":21,"column":27}}},"5":{"name":"(anonymous_5)","line":22,"loc":{"start":{"line":22,"column":9},"end":{"line":22,"column":24}}},"6":{"name":"getPath","line":32,"loc":{"start":{"line":32,"column":1},"end":{"line":32,"column":24}}},"7":{"name":"(anonymous_7)","line":41,"loc":{"start":{"line":41,"column":42},"end":{"line":41,"column":61}}},"8":{"name":"(anonymous_8)","line":51,"loc":{"start":{"line":51,"column":42},"end":{"line":51,"column":61}}},"9":{"name":"(anonymous_9)","line":60,"loc":{"start":{"line":60,"column":16},"end":{"line":60,"column":27}}},"10":{"name":"(anonymous_10)","line":62,"loc":{"start":{"line":62,"column":18},"end":{"line":62,"column":29}}}},"statementMap":{"1":{"start":{"line":1,"column":0},"end":{"line":4,"column":34}},"2":{"start":{"line":6,"column":0},"end":{"line":75,"column":1}},"3":{"start":{"line":7,"column":1},"end":{"line":9,"column":44}},"4":{"start":{"line":11,"column":1},"end":{"line":15,"column":2}},"5":{"start":{"line":12,"column":2},"end":{"line":14,"column":4}},"6":{"start":{"line":13,"column":3},"end":{"line":13,"column":82}},"7":{"start":{"line":17,"column":1},"end":{"line":19,"column":2}},"8":{"start":{"line":18,"column":2},"end":{"line":18,"column":26}},"9":{"start":{"line":21,"column":1},"end":{"line":30,"column":2}},"10":{"start":{"line":22,"column":2},"end":{"line":29,"column":3}},"11":{"start":{"line":23,"column":3},"end":{"line":23,"column":46}},"12":{"start":{"line":25,"column":3},"end":{"line":28,"column":5}},"13":{"start":{"line":32,"column":1},"end":{"line":34,"column":2}},"14":{"start":{"line":33,"column":2},"end":{"line":33,"column":19}},"15":{"start":{"line":36,"column":1},"end":{"line":39,"column":16}},"16":{"start":{"line":41,"column":1},"end":{"line":44,"column":4}},"17":{"start":{"line":42,"column":2},"end":{"line":42,"column":49}},"18":{"start":{"line":43,"column":2},"end":{"line":43,"column":50}},"19":{"start":{"line":46,"column":1},"end":{"line":49,"column":16}},"20":{"start":{"line":51,"column":1},"end":{"line":54,"column":4}},"21":{"start":{"line":52,"column":2},"end":{"line":52,"column":49}},"22":{"start":{"line":53,"column":2},"end":{"line":53,"column":50}},"23":{"start":{"line":56,"column":1},"end":{"line":56,"column":50}},"24":{"start":{"line":58,"column":1},"end":{"line":70,"column":2}},"25":{"start":{"line":59,"column":2},"end":{"line":65,"column":6}},"26":{"start":{"line":61,"column":4},"end":{"line":64,"column":8}},"27":{"start":{"line":63,"column":6},"end":{"line":63,"column":33}},"28":{"start":{"line":69,"column":2},"end":{"line":69,"column":29}},"29":{"start":{"line":74,"column":1},"end":{"line":74,"column":65}}},"branchMap":{"1":{"line":6,"type":"if","locations":[{"start":{"line":6,"column":0},"end":{"line":6,"column":0}},{"start":{"line":6,"column":0},"end":{"line":6,"column":0}}]},"2":{"line":58,"type":"if","locations":[{"start":{"line":58,"column":1},"end":{"line":58,"column":1}},{"start":{"line":58,"column":1},"end":{"line":58,"column":1}}]}},"code":["var fs = require('fs')","\t, path = require('path')","\t, spawn = require('child_process').spawn","\t, whereis = require('./whereis');","","if (process.platform === 'win32') {","\tvar libroot = path.resolve(__dirname, '../lib/native/win32')","\t\t, lib32bit = path.resolve(libroot, 'ia32')","\t\t, lib64bit = path.resolve(libroot, 'x64');","","\tfunction copyFile(filePath, filename) {","\t\treturn function(copyToDir) {","\t\t\tfs.writeFileSync(path.resolve(copyToDir, filename), fs.readFileSync(filePath));","\t\t};","\t}","","\tfunction isDirectory(info) {","\t\treturn info.isDirectory;","\t}","","\tfunction getInfo(basedir) {","\t\treturn function(file) {","\t\t\tvar filepath = path.resolve(basedir, file);","","\t\t\treturn {","\t\t\t\tpath: filepath,","\t\t\t\tisDirectory: fs.statSync(filepath).isDirectory()","\t\t\t};","\t\t}","\t}","","\tfunction getPath(info) {","\t\treturn info.path;","\t}","","\tvar dest32dirs = fs.readdirSync(lib32bit)","\t\t.map(getInfo(lib32bit))","\t\t.filter(isDirectory)","\t\t.map(getPath);","","\t['msvcr120.dll', 'msvcp120.dll'].forEach(function (dllname) {","\t\tvar dll32bit = path.resolve(lib32bit, dllname);","\t\tdest32dirs.forEach(copyFile(dll32bit, dllname));","\t});","\t\t","\tvar dest64dirs = fs.readdirSync(lib64bit)","\t\t.map(getInfo(lib64bit))","\t\t.filter(isDirectory)","\t\t.map(getPath);","","\t['msvcr120.dll', 'msvcp120.dll'].forEach(function (dllname) {","\t\tvar dll64bit = path.resolve(lib64bit, dllname);","\t\tdest64dirs.forEach(copyFile(dll64bit, dllname));","\t});","","\tvar dotnetPath = whereis('dotnet', 'dotnet.exe');","","\tif (dotnetPath) {","\t\tspawn(dotnetPath, ['restore'], { stdio: 'inherit', cwd: path.resolve(__dirname, '..', 'lib', 'bootstrap') })","\t\t\t.on('close', function() {","\t\t\t\tspawn(dotnetPath, ['build', '--configuration', 'Release'], { stdio: 'inherit', cwd: path.resolve(__dirname, '..', 'lib', 'bootstrap') })","\t\t\t\t\t.on('close', function() {","\t\t\t\t\t\trequire('./checkplatform');","\t\t\t\t\t});","\t\t\t});","\t}","","\telse {","\t\trequire('./checkplatform');","\t}","} ","","else {","\tspawn('node-gyp', ['configure', 'build'], { stdio: 'inherit' });","}",""],"l":{"1":1,"6":1,"7":0,"11":1,"12":0,"13":0,"17":1,"18":0,"21":1,"22":0,"23":0,"25":0,"32":1,"33":0,"36":0,"41":0,"42":0,"43":0,"46":0,"51":0,"52":0,"53":0,"56":0,"58":0,"59":0,"61":0,"63":0,"69":0,"74":1}},"/home/travis/build/npmtest/node-npmtest-edge/node_modules/edge/tools/whereis.js":{"path":"/home/travis/build/npmtest/node-npmtest-edge/node_modules/edge/tools/whereis.js","s":{"1":1,"2":1,"3":1,"4":0,"5":0,"6":0,"7":0,"8":0,"9":0,"10":0,"11":0,"12":0},"b":{"1":[0,0],"2":[0,0]},"f":{"1":0},"fnMap":{"1":{"name":"(anonymous_1)","line":4,"loc":{"start":{"line":4,"column":17},"end":{"line":4,"column":28}}}},"statementMap":{"1":{"start":{"line":1,"column":0},"end":{"line":1,"column":23}},"2":{"start":{"line":2,"column":0},"end":{"line":2,"column":27}},"3":{"start":{"line":4,"column":0},"end":{"line":21,"column":1}},"4":{"start":{"line":5,"column":4},"end":{"line":5,"column":59}},"5":{"start":{"line":7,"column":4},"end":{"line":7,"column":54}},"6":{"start":{"line":9,"column":4},"end":{"line":18,"column":5}},"7":{"start":{"line":10,"column":5},"end":{"line":17,"column":6}},"8":{"start":{"line":11,"column":6},"end":{"line":11,"column":34}},"9":{"start":{"line":12,"column":9},"end":{"line":12,"column":60}},"10":{"start":{"line":14,"column":9},"end":{"line":16,"column":10}},"11":{"start":{"line":15,"column":13},"end":{"line":15,"column":29}},"12":{"start":{"line":20,"column":4},"end":{"line":20,"column":16}}},"branchMap":{"1":{"line":5,"type":"cond-expr","locations":[{"start":{"line":5,"column":49},"end":{"line":5,"column":52}},{"start":{"line":5,"column":55},"end":{"line":5,"column":58}}]},"2":{"line":14,"type":"if","locations":[{"start":{"line":14,"column":9},"end":{"line":14,"column":9}},{"start":{"line":14,"column":9},"end":{"line":14,"column":9}}]}},"code":["var fs = require('fs');","var path = require('path');","","module.exports = function() {","    var pathSep = process.platform === 'win32' ? ';' : ':';","","    var directories = process.env.PATH.split(pathSep);","","    for (var i = 0; i < directories.length; i++) {","    \tfor (var j = 0; j < arguments.length; j++) {","    \t\tvar filename = arguments[j];","\t        var filePath = path.join(directories[i], filename);","","\t        if (fs.existsSync(filePath)) {","\t            return filePath;","\t        }","\t    }","    }","","    return null;","}"],"l":{"1":1,"2":1,"4":1,"5":0,"7":0,"9":0,"10":0,"11":0,"12":0,"14":0,"15":0,"20":0}}}